\BOOKMARK [0][-]{chapter.1}{\376\377\0001\000\040\000N\000a\000m\000e\000s\000p\000a\000c\000e\000\040\000I\000n\000d\000e\000x}{}% 1
\BOOKMARK [1][-]{section.1.1}{\376\377\0001\000.\0001\000\040\000P\000a\000c\000k\000a\000g\000e\000\040\000L\000i\000s\000t}{chapter.1}% 2
\BOOKMARK [0][-]{chapter.2}{\376\377\0002\000\040\000H\000i\000e\000r\000a\000r\000c\000h\000i\000c\000a\000l\000\040\000I\000n\000d\000e\000x}{}% 3
\BOOKMARK [1][-]{section.2.1}{\376\377\0002\000.\0001\000\040\000C\000l\000a\000s\000s\000\040\000H\000i\000e\000r\000a\000r\000c\000h\000y}{chapter.2}% 4
\BOOKMARK [0][-]{chapter.3}{\376\377\0003\000\040\000C\000l\000a\000s\000s\000\040\000I\000n\000d\000e\000x}{}% 5
\BOOKMARK [1][-]{section.3.1}{\376\377\0003\000.\0001\000\040\000C\000l\000a\000s\000s\000\040\000L\000i\000s\000t}{chapter.3}% 6
\BOOKMARK [0][-]{chapter.4}{\376\377\0004\000\040\000F\000i\000l\000e\000\040\000I\000n\000d\000e\000x}{}% 7
\BOOKMARK [1][-]{section.4.1}{\376\377\0004\000.\0001\000\040\000F\000i\000l\000e\000\040\000L\000i\000s\000t}{chapter.4}% 8
\BOOKMARK [0][-]{chapter.5}{\376\377\0005\000\040\000N\000a\000m\000e\000s\000p\000a\000c\000e\000\040\000D\000o\000c\000u\000m\000e\000n\000t\000a\000t\000i\000o\000n}{}% 9
\BOOKMARK [1][-]{section.5.1}{\376\377\0005\000.\0001\000\040\000t\000r\000a\000b\000a\000l\000h\000o\000P\000O\000O\000\137\0002\0007\0009\0006\0007\000\040\000N\000a\000m\000e\000s\000p\000a\000c\000e\000\040\000R\000e\000f\000e\000r\000e\000n\000c\000e}{chapter.5}% 10
\BOOKMARK [1][-]{section.5.2}{\376\377\0005\000.\0002\000\040\000t\000r\000a\000b\000a\000l\000h\000o\000P\000O\000O\000\137\0002\0007\0009\0006\0007\000.\000I\000n\000t\000e\000r\000f\000a\000c\000e\000\040\000N\000a\000m\000e\000s\000p\000a\000c\000e\000\040\000R\000e\000f\000e\000r\000e\000n\000c\000e}{chapter.5}% 11
\BOOKMARK [1][-]{section.5.3}{\376\377\0005\000.\0003\000\040\000t\000r\000a\000b\000a\000l\000h\000o\000P\000O\000O\000\137\0002\0007\0009\0006\0007\000.\000S\000t\000o\000r\000e\000\040\000N\000a\000m\000e\000s\000p\000a\000c\000e\000\040\000R\000e\000f\000e\000r\000e\000n\000c\000e}{chapter.5}% 12
\BOOKMARK [0][-]{chapter.6}{\376\377\0006\000\040\000C\000l\000a\000s\000s\000\040\000D\000o\000c\000u\000m\000e\000n\000t\000a\000t\000i\000o\000n}{}% 13
\BOOKMARK [1][-]{section.6.1}{\376\377\0006\000.\0001\000\040\000t\000r\000a\000b\000a\000l\000h\000o\000P\000O\000O\000\137\0002\0007\0009\0006\0007\000.\000B\000e\000s\000t\000S\000a\000l\000e\000\040\000C\000l\000a\000s\000s\000\040\000R\000e\000f\000e\000r\000e\000n\000c\000e}{chapter.6}% 14
\BOOKMARK [2][-]{subsection.6.1.1}{\376\377\0006\000.\0001\000.\0001\000\040\000D\000e\000t\000a\000i\000l\000e\000d\000\040\000D\000e\000s\000c\000r\000i\000p\000t\000i\000o\000n}{section.6.1}% 15
\BOOKMARK [1][-]{section.6.2}{\376\377\0006\000.\0002\000\040\000t\000r\000a\000b\000a\000l\000h\000o\000P\000O\000O\000\137\0002\0007\0009\0006\0007\000.\000C\000a\000m\000p\000a\000i\000g\000n\000\040\000C\000l\000a\000s\000s\000\040\000R\000e\000f\000e\000r\000e\000n\000c\000e}{chapter.6}% 16
\BOOKMARK [2][-]{subsection.6.2.1}{\376\377\0006\000.\0002\000.\0001\000\040\000D\000e\000t\000a\000i\000l\000e\000d\000\040\000D\000e\000s\000c\000r\000i\000p\000t\000i\000o\000n}{section.6.2}% 17
\BOOKMARK [2][-]{subsection.6.2.2}{\376\377\0006\000.\0002\000.\0002\000\040\000C\000o\000n\000s\000t\000r\000u\000c\000t\000o\000r\000\040\000\046\000\040\000D\000e\000s\000t\000r\000u\000c\000t\000o\000r\000\040\000D\000o\000c\000u\000m\000e\000n\000t\000a\000t\000i\000o\000n}{section.6.2}% 18
\BOOKMARK [3][-]{subsubsection.6.2.2.1}{\376\377\0006\000.\0002\000.\0002\000.\0001\000\040\000C\000a\000m\000p\000a\000i\000g\000n\000\050\000\051\000\040\000[\0001\000/\0002\000]}{subsection.6.2.2}% 19
\BOOKMARK [3][-]{subsubsection.6.2.2.2}{\376\377\0006\000.\0002\000.\0002\000.\0002\000\040\000C\000a\000m\000p\000a\000i\000g\000n\000\050\000\051\000\040\000[\0002\000/\0002\000]}{subsection.6.2.2}% 20
\BOOKMARK [2][-]{subsection.6.2.3}{\376\377\0006\000.\0002\000.\0003\000\040\000M\000e\000m\000b\000e\000r\000\040\000F\000u\000n\000c\000t\000i\000o\000n\000\040\000D\000o\000c\000u\000m\000e\000n\000t\000a\000t\000i\000o\000n}{section.6.2}% 21
\BOOKMARK [3][-]{subsubsection.6.2.3.1}{\376\377\0006\000.\0002\000.\0003\000.\0001\000\040\000E\000q\000u\000a\000l\000s\000\050\000\051}{subsection.6.2.3}% 22
\BOOKMARK [3][-]{subsubsection.6.2.3.2}{\376\377\0006\000.\0002\000.\0003\000.\0002\000\040\000o\000p\000e\000r\000a\000t\000o\000r\000!\000=\000\050\000\051}{subsection.6.2.3}% 23
\BOOKMARK [3][-]{subsubsection.6.2.3.3}{\376\377\0006\000.\0002\000.\0003\000.\0003\000\040\000o\000p\000e\000r\000a\000t\000o\000r\000=\000=\000\050\000\051}{subsection.6.2.3}% 24
\BOOKMARK [3][-]{subsubsection.6.2.3.4}{\376\377\0006\000.\0002\000.\0003\000.\0004\000\040\000V\000e\000r\000i\000f\000y\000A\000p\000p\000l\000i\000c\000a\000b\000i\000l\000i\000t\000y\000\050\000\051}{subsection.6.2.3}% 25
\BOOKMARK [2][-]{subsection.6.2.4}{\376\377\0006\000.\0002\000.\0004\000\040\000P\000r\000o\000p\000e\000r\000t\000y\000\040\000D\000o\000c\000u\000m\000e\000n\000t\000a\000t\000i\000o\000n}{section.6.2}% 26
\BOOKMARK [3][-]{subsubsection.6.2.4.1}{\376\377\0006\000.\0002\000.\0004\000.\0001\000\040\000C\000a\000m\000p\000a\000i\000g\000n\000C\000o\000u\000n\000t}{subsection.6.2.4}% 27
\BOOKMARK [3][-]{subsubsection.6.2.4.2}{\376\377\0006\000.\0002\000.\0004\000.\0002\000\040\000D\000i\000s\000c\000o\000u\000n\000t}{subsection.6.2.4}% 28
\BOOKMARK [3][-]{subsubsection.6.2.4.3}{\376\377\0006\000.\0002\000.\0004\000.\0003\000\040\000E\000n\000d\000D\000a\000t\000e}{subsection.6.2.4}% 29
\BOOKMARK [3][-]{subsubsection.6.2.4.4}{\376\377\0006\000.\0002\000.\0004\000.\0004\000\040\000I\000d}{subsection.6.2.4}% 30
\BOOKMARK [3][-]{subsubsection.6.2.4.5}{\376\377\0006\000.\0002\000.\0004\000.\0005\000\040\000N\000a\000m\000e}{subsection.6.2.4}% 31
\BOOKMARK [3][-]{subsubsection.6.2.4.6}{\376\377\0006\000.\0002\000.\0004\000.\0006\000\040\000S\000t\000a\000r\000t\000D\000a\000t\000e}{subsection.6.2.4}% 32
\BOOKMARK [1][-]{section.6.3}{\376\377\0006\000.\0003\000\040\000t\000r\000a\000b\000a\000l\000h\000o\000P\000O\000O\000\137\0002\0007\0009\0006\0007\000.\000C\000a\000m\000p\000a\000i\000g\000n\000s\000\040\000C\000l\000a\000s\000s\000\040\000R\000e\000f\000e\000r\000e\000n\000c\000e}{chapter.6}% 33
\BOOKMARK [1][-]{section.6.4}{\376\377\0006\000.\0004\000\040\000t\000r\000a\000b\000a\000l\000h\000o\000P\000O\000O\000\137\0002\0007\0009\0006\0007\000.\000C\000a\000t\000e\000g\000o\000r\000i\000e\000s\000\040\000C\000l\000a\000s\000s\000\040\000R\000e\000f\000e\000r\000e\000n\000c\000e}{chapter.6}% 34
\BOOKMARK [2][-]{subsection.6.4.1}{\376\377\0006\000.\0004\000.\0001\000\040\000D\000e\000t\000a\000i\000l\000e\000d\000\040\000D\000e\000s\000c\000r\000i\000p\000t\000i\000o\000n}{section.6.4}% 35
\BOOKMARK [2][-]{subsection.6.4.2}{\376\377\0006\000.\0004\000.\0002\000\040\000C\000o\000n\000s\000t\000r\000u\000c\000t\000o\000r\000\040\000\046\000\040\000D\000e\000s\000t\000r\000u\000c\000t\000o\000r\000\040\000D\000o\000c\000u\000m\000e\000n\000t\000a\000t\000i\000o\000n}{section.6.4}% 36
\BOOKMARK [3][-]{subsubsection.6.4.2.1}{\376\377\0006\000.\0004\000.\0002\000.\0001\000\040\000C\000a\000t\000e\000g\000o\000r\000i\000e\000s\000\050\000\051\000\040\000[\0001\000/\0002\000]}{subsection.6.4.2}% 37
\BOOKMARK [3][-]{subsubsection.6.4.2.2}{\376\377\0006\000.\0004\000.\0002\000.\0002\000\040\000C\000a\000t\000e\000g\000o\000r\000i\000e\000s\000\050\000\051\000\040\000[\0002\000/\0002\000]}{subsection.6.4.2}% 38
\BOOKMARK [2][-]{subsection.6.4.3}{\376\377\0006\000.\0004\000.\0003\000\040\000M\000e\000m\000b\000e\000r\000\040\000F\000u\000n\000c\000t\000i\000o\000n\000\040\000D\000o\000c\000u\000m\000e\000n\000t\000a\000t\000i\000o\000n}{section.6.4}% 39
\BOOKMARK [3][-]{subsubsection.6.4.3.1}{\376\377\0006\000.\0004\000.\0003\000.\0001\000\040\000A\000d\000d\000\050\000\051}{subsection.6.4.3}% 40
\BOOKMARK [3][-]{subsubsection.6.4.3.2}{\376\377\0006\000.\0004\000.\0003\000.\0002\000\040\000E\000x\000i\000s\000t\000\050\000\051}{subsection.6.4.3}% 41
\BOOKMARK [3][-]{subsubsection.6.4.3.3}{\376\377\0006\000.\0004\000.\0003\000.\0003\000\040\000R\000e\000m\000o\000v\000e\000\050\000\051}{subsection.6.4.3}% 42
\BOOKMARK [2][-]{subsection.6.4.4}{\376\377\0006\000.\0004\000.\0004\000\040\000P\000r\000o\000p\000e\000r\000t\000y\000\040\000D\000o\000c\000u\000m\000e\000n\000t\000a\000t\000i\000o\000n}{section.6.4}% 43
\BOOKMARK [3][-]{subsubsection.6.4.4.1}{\376\377\0006\000.\0004\000.\0004\000.\0001\000\040\000C\000a\000t\000s}{subsection.6.4.4}% 44
\BOOKMARK [1][-]{section.6.5}{\376\377\0006\000.\0005\000\040\000t\000r\000a\000b\000a\000l\000h\000o\000P\000O\000O\000\137\0002\0007\0009\0006\0007\000.\000C\000a\000t\000e\000g\000o\000r\000y\000\040\000C\000l\000a\000s\000s\000\040\000R\000e\000f\000e\000r\000e\000n\000c\000e}{chapter.6}% 45
\BOOKMARK [2][-]{subsection.6.5.1}{\376\377\0006\000.\0005\000.\0001\000\040\000D\000e\000t\000a\000i\000l\000e\000d\000\040\000D\000e\000s\000c\000r\000i\000p\000t\000i\000o\000n}{section.6.5}% 46
\BOOKMARK [2][-]{subsection.6.5.2}{\376\377\0006\000.\0005\000.\0002\000\040\000C\000o\000n\000s\000t\000r\000u\000c\000t\000o\000r\000\040\000\046\000\040\000D\000e\000s\000t\000r\000u\000c\000t\000o\000r\000\040\000D\000o\000c\000u\000m\000e\000n\000t\000a\000t\000i\000o\000n}{section.6.5}% 47
\BOOKMARK [3][-]{subsubsection.6.5.2.1}{\376\377\0006\000.\0005\000.\0002\000.\0001\000\040\000C\000a\000t\000e\000g\000o\000r\000y\000\050\000\051\000\040\000[\0001\000/\0002\000]}{subsection.6.5.2}% 48
\BOOKMARK [3][-]{subsubsection.6.5.2.2}{\376\377\0006\000.\0005\000.\0002\000.\0002\000\040\000C\000a\000t\000e\000g\000o\000r\000y\000\050\000\051\000\040\000[\0002\000/\0002\000]}{subsection.6.5.2}% 49
\BOOKMARK [2][-]{subsection.6.5.3}{\376\377\0006\000.\0005\000.\0003\000\040\000M\000e\000m\000b\000e\000r\000\040\000F\000u\000n\000c\000t\000i\000o\000n\000\040\000D\000o\000c\000u\000m\000e\000n\000t\000a\000t\000i\000o\000n}{section.6.5}% 50
\BOOKMARK [3][-]{subsubsection.6.5.3.1}{\376\377\0006\000.\0005\000.\0003\000.\0001\000\040\000E\000q\000u\000a\000l\000s\000\050\000\051}{subsection.6.5.3}% 51
\BOOKMARK [3][-]{subsubsection.6.5.3.2}{\376\377\0006\000.\0005\000.\0003\000.\0002\000\040\000o\000p\000e\000r\000a\000t\000o\000r\000!\000=\000\050\000\051}{subsection.6.5.3}% 52
\BOOKMARK [3][-]{subsubsection.6.5.3.3}{\376\377\0006\000.\0005\000.\0003\000.\0003\000\040\000o\000p\000e\000r\000a\000t\000o\000r\000=\000=\000\050\000\051}{subsection.6.5.3}% 53
\BOOKMARK [2][-]{subsection.6.5.4}{\376\377\0006\000.\0005\000.\0004\000\040\000P\000r\000o\000p\000e\000r\000t\000y\000\040\000D\000o\000c\000u\000m\000e\000n\000t\000a\000t\000i\000o\000n}{section.6.5}% 54
\BOOKMARK [3][-]{subsubsection.6.5.4.1}{\376\377\0006\000.\0005\000.\0004\000.\0001\000\040\000I\000d}{subsection.6.5.4}% 55
\BOOKMARK [3][-]{subsubsection.6.5.4.2}{\376\377\0006\000.\0005\000.\0004\000.\0002\000\040\000N\000a\000m\000e}{subsection.6.5.4}% 56
\BOOKMARK [1][-]{section.6.6}{\376\377\0006\000.\0006\000\040\000t\000r\000a\000b\000a\000l\000h\000o\000P\000O\000O\000\137\0002\0007\0009\0006\0007\000.\000C\000l\000i\000e\000n\000t\000\040\000C\000l\000a\000s\000s\000\040\000R\000e\000f\000e\000r\000e\000n\000c\000e}{chapter.6}% 57
\BOOKMARK [2][-]{subsection.6.6.1}{\376\377\0006\000.\0006\000.\0001\000\040\000D\000e\000t\000a\000i\000l\000e\000d\000\040\000D\000e\000s\000c\000r\000i\000p\000t\000i\000o\000n}{section.6.6}% 58
\BOOKMARK [2][-]{subsection.6.6.2}{\376\377\0006\000.\0006\000.\0002\000\040\000C\000o\000n\000s\000t\000r\000u\000c\000t\000o\000r\000\040\000\046\000\040\000D\000e\000s\000t\000r\000u\000c\000t\000o\000r\000\040\000D\000o\000c\000u\000m\000e\000n\000t\000a\000t\000i\000o\000n}{section.6.6}% 59
\BOOKMARK [3][-]{subsubsection.6.6.2.1}{\376\377\0006\000.\0006\000.\0002\000.\0001\000\040\000C\000l\000i\000e\000n\000t\000\050\000\051\000\040\000[\0001\000/\0002\000]}{subsection.6.6.2}% 60
\BOOKMARK [3][-]{subsubsection.6.6.2.2}{\376\377\0006\000.\0006\000.\0002\000.\0002\000\040\000C\000l\000i\000e\000n\000t\000\050\000\051\000\040\000[\0002\000/\0002\000]}{subsection.6.6.2}% 61
\BOOKMARK [2][-]{subsection.6.6.3}{\376\377\0006\000.\0006\000.\0003\000\040\000M\000e\000m\000b\000e\000r\000\040\000F\000u\000n\000c\000t\000i\000o\000n\000\040\000D\000o\000c\000u\000m\000e\000n\000t\000a\000t\000i\000o\000n}{section.6.6}% 62
\BOOKMARK [3][-]{subsubsection.6.6.3.1}{\376\377\0006\000.\0006\000.\0003\000.\0001\000\040\000E\000q\000u\000a\000l\000s\000\050\000\051}{subsection.6.6.3}% 63
\BOOKMARK [3][-]{subsubsection.6.6.3.2}{\376\377\0006\000.\0006\000.\0003\000.\0002\000\040\000o\000p\000e\000r\000a\000t\000o\000r\000!\000=\000\050\000\051}{subsection.6.6.3}% 64
\BOOKMARK [3][-]{subsubsection.6.6.3.3}{\376\377\0006\000.\0006\000.\0003\000.\0003\000\040\000o\000p\000e\000r\000a\000t\000o\000r\000=\000=\000\050\000\051}{subsection.6.6.3}% 65
\BOOKMARK [3][-]{subsubsection.6.6.3.4}{\376\377\0006\000.\0006\000.\0003\000.\0004\000\040\000T\000o\000S\000t\000r\000i\000n\000g\000\050\000\051}{subsection.6.6.3}% 66
\BOOKMARK [2][-]{subsection.6.6.4}{\376\377\0006\000.\0006\000.\0004\000\040\000P\000r\000o\000p\000e\000r\000t\000y\000\040\000D\000o\000c\000u\000m\000e\000n\000t\000a\000t\000i\000o\000n}{section.6.6}% 67
\BOOKMARK [3][-]{subsubsection.6.6.4.1}{\376\377\0006\000.\0006\000.\0004\000.\0001\000\040\000C\000l\000i\000e\000n\000t\000C\000o\000u\000n\000t}{subsection.6.6.4}% 68
\BOOKMARK [3][-]{subsubsection.6.6.4.2}{\376\377\0006\000.\0006\000.\0004\000.\0002\000\040\000C\000l\000i\000e\000n\000t\000I\000D}{subsection.6.6.4}% 69
\BOOKMARK [3][-]{subsubsection.6.6.4.3}{\376\377\0006\000.\0006\000.\0004\000.\0003\000\040\000C\000o\000n\000t\000a\000c\000t}{subsection.6.6.4}% 70
\BOOKMARK [3][-]{subsubsection.6.6.4.4}{\376\377\0006\000.\0006\000.\0004\000.\0004\000\040\000N\000a\000m\000e}{subsection.6.6.4}% 71
\BOOKMARK [1][-]{section.6.7}{\376\377\0006\000.\0007\000\040\000t\000r\000a\000b\000a\000l\000h\000o\000P\000O\000O\000\137\0002\0007\0009\0006\0007\000.\000C\000l\000i\000e\000n\000t\000s\000\040\000C\000l\000a\000s\000s\000\040\000R\000e\000f\000e\000r\000e\000n\000c\000e}{chapter.6}% 72
\BOOKMARK [2][-]{subsection.6.7.1}{\376\377\0006\000.\0007\000.\0001\000\040\000D\000e\000t\000a\000i\000l\000e\000d\000\040\000D\000e\000s\000c\000r\000i\000p\000t\000i\000o\000n}{section.6.7}% 73
\BOOKMARK [2][-]{subsection.6.7.2}{\376\377\0006\000.\0007\000.\0002\000\040\000C\000o\000n\000s\000t\000r\000u\000c\000t\000o\000r\000\040\000\046\000\040\000D\000e\000s\000t\000r\000u\000c\000t\000o\000r\000\040\000D\000o\000c\000u\000m\000e\000n\000t\000a\000t\000i\000o\000n}{section.6.7}% 74
\BOOKMARK [3][-]{subsubsection.6.7.2.1}{\376\377\0006\000.\0007\000.\0002\000.\0001\000\040\000C\000l\000i\000e\000n\000t\000s\000\050\000\051}{subsection.6.7.2}% 75
\BOOKMARK [2][-]{subsection.6.7.3}{\376\377\0006\000.\0007\000.\0003\000\040\000M\000e\000m\000b\000e\000r\000\040\000F\000u\000n\000c\000t\000i\000o\000n\000\040\000D\000o\000c\000u\000m\000e\000n\000t\000a\000t\000i\000o\000n}{section.6.7}% 76
\BOOKMARK [3][-]{subsubsection.6.7.3.1}{\376\377\0006\000.\0007\000.\0003\000.\0001\000\040\000A\000d\000d\000\050\000\051}{subsection.6.7.3}% 77
\BOOKMARK [3][-]{subsubsection.6.7.3.2}{\376\377\0006\000.\0007\000.\0003\000.\0002\000\040\000E\000x\000i\000s\000t\000\050\000\051}{subsection.6.7.3}% 78
\BOOKMARK [3][-]{subsubsection.6.7.3.3}{\376\377\0006\000.\0007\000.\0003\000.\0003\000\040\000G\000e\000t\000C\000l\000i\000e\000n\000t\000\050\000\051}{subsection.6.7.3}% 79
\BOOKMARK [3][-]{subsubsection.6.7.3.4}{\376\377\0006\000.\0007\000.\0003\000.\0004\000\040\000R\000e\000m\000o\000v\000e\000\050\000\051}{subsection.6.7.3}% 80
\BOOKMARK [2][-]{subsection.6.7.4}{\376\377\0006\000.\0007\000.\0004\000\040\000P\000r\000o\000p\000e\000r\000t\000y\000\040\000D\000o\000c\000u\000m\000e\000n\000t\000a\000t\000i\000o\000n}{section.6.7}% 81
\BOOKMARK [3][-]{subsubsection.6.7.4.1}{\376\377\0006\000.\0007\000.\0004\000.\0001\000\040\000C\000l\000i\000e\000n\000t\000L\000i\000s\000t}{subsection.6.7.4}% 82
\BOOKMARK [1][-]{section.6.8}{\376\377\0006\000.\0008\000\040\000t\000r\000a\000b\000a\000l\000h\000o\000P\000O\000O\000\137\0002\0007\0009\0006\0007\000.\000I\000n\000t\000e\000r\000f\000a\000c\000e\000.\000I\000L\000i\000s\000t\000M\000a\000n\000a\000g\000e\000m\000e\000n\000t\000\040\000I\000n\000t\000e\000r\000f\000a\000c\000e\000\040\000R\000e\000f\000e\000r\000e\000n\000c\000e}{chapter.6}% 83
\BOOKMARK [2][-]{subsection.6.8.1}{\376\377\0006\000.\0008\000.\0001\000\040\000D\000e\000t\000a\000i\000l\000e\000d\000\040\000D\000e\000s\000c\000r\000i\000p\000t\000i\000o\000n}{section.6.8}% 84
\BOOKMARK [2][-]{subsection.6.8.2}{\376\377\0006\000.\0008\000.\0002\000\040\000M\000e\000m\000b\000e\000r\000\040\000F\000u\000n\000c\000t\000i\000o\000n\000\040\000D\000o\000c\000u\000m\000e\000n\000t\000a\000t\000i\000o\000n}{section.6.8}% 85
\BOOKMARK [3][-]{subsubsection.6.8.2.1}{\376\377\0006\000.\0008\000.\0002\000.\0001\000\040\000A\000d\000d\000\050\000\051}{subsection.6.8.2}% 86
\BOOKMARK [3][-]{subsubsection.6.8.2.2}{\376\377\0006\000.\0008\000.\0002\000.\0002\000\040\000E\000x\000i\000s\000t\000\050\000\051}{subsection.6.8.2}% 87
\BOOKMARK [3][-]{subsubsection.6.8.2.3}{\376\377\0006\000.\0008\000.\0002\000.\0003\000\040\000R\000e\000m\000o\000v\000e\000\050\000\051}{subsection.6.8.2}% 88
\BOOKMARK [1][-]{section.6.9}{\376\377\0006\000.\0009\000\040\000t\000r\000a\000b\000a\000l\000h\000o\000P\000O\000O\000\137\0002\0007\0009\0006\0007\000.\000M\000a\000k\000e\000\040\000C\000l\000a\000s\000s\000\040\000R\000e\000f\000e\000r\000e\000n\000c\000e}{chapter.6}% 89
\BOOKMARK [2][-]{subsection.6.9.1}{\376\377\0006\000.\0009\000.\0001\000\040\000D\000e\000t\000a\000i\000l\000e\000d\000\040\000D\000e\000s\000c\000r\000i\000p\000t\000i\000o\000n}{section.6.9}% 90
\BOOKMARK [2][-]{subsection.6.9.2}{\376\377\0006\000.\0009\000.\0002\000\040\000C\000o\000n\000s\000t\000r\000u\000c\000t\000o\000r\000\040\000\046\000\040\000D\000e\000s\000t\000r\000u\000c\000t\000o\000r\000\040\000D\000o\000c\000u\000m\000e\000n\000t\000a\000t\000i\000o\000n}{section.6.9}% 91
\BOOKMARK [3][-]{subsubsection.6.9.2.1}{\376\377\0006\000.\0009\000.\0002\000.\0001\000\040\000M\000a\000k\000e\000\050\000\051\000\040\000[\0001\000/\0002\000]}{subsection.6.9.2}% 92
\BOOKMARK [3][-]{subsubsection.6.9.2.2}{\376\377\0006\000.\0009\000.\0002\000.\0002\000\040\000M\000a\000k\000e\000\050\000\051\000\040\000[\0002\000/\0002\000]}{subsection.6.9.2}% 93
\BOOKMARK [2][-]{subsection.6.9.3}{\376\377\0006\000.\0009\000.\0003\000\040\000M\000e\000m\000b\000e\000r\000\040\000F\000u\000n\000c\000t\000i\000o\000n\000\040\000D\000o\000c\000u\000m\000e\000n\000t\000a\000t\000i\000o\000n}{section.6.9}% 94
\BOOKMARK [3][-]{subsubsection.6.9.3.1}{\376\377\0006\000.\0009\000.\0003\000.\0001\000\040\000E\000q\000u\000a\000l\000s\000\050\000\051}{subsection.6.9.3}% 95
\BOOKMARK [3][-]{subsubsection.6.9.3.2}{\376\377\0006\000.\0009\000.\0003\000.\0002\000\040\000o\000p\000e\000r\000a\000t\000o\000r\000!\000=\000\050\000\051}{subsection.6.9.3}% 96
\BOOKMARK [3][-]{subsubsection.6.9.3.3}{\376\377\0006\000.\0009\000.\0003\000.\0003\000\040\000o\000p\000e\000r\000a\000t\000o\000r\000=\000=\000\050\000\051}{subsection.6.9.3}% 97
\BOOKMARK [3][-]{subsubsection.6.9.3.4}{\376\377\0006\000.\0009\000.\0003\000.\0004\000\040\000T\000o\000S\000t\000r\000i\000n\000g\000\050\000\051}{subsection.6.9.3}% 98
\BOOKMARK [2][-]{subsection.6.9.4}{\376\377\0006\000.\0009\000.\0004\000\040\000P\000r\000o\000p\000e\000r\000t\000y\000\040\000D\000o\000c\000u\000m\000e\000n\000t\000a\000t\000i\000o\000n}{section.6.9}% 99
\BOOKMARK [3][-]{subsubsection.6.9.4.1}{\376\377\0006\000.\0009\000.\0004\000.\0001\000\040\000I\000D}{subsection.6.9.4}% 100
\BOOKMARK [3][-]{subsubsection.6.9.4.2}{\376\377\0006\000.\0009\000.\0004\000.\0002\000\040\000N\000a\000m\000e}{subsection.6.9.4}% 101
\BOOKMARK [1][-]{section.6.10}{\376\377\0006\000.\0001\0000\000\040\000t\000r\000a\000b\000a\000l\000h\000o\000P\000O\000O\000\137\0002\0007\0009\0006\0007\000.\000M\000a\000k\000e\000s\000\040\000C\000l\000a\000s\000s\000\040\000R\000e\000f\000e\000r\000e\000n\000c\000e}{chapter.6}% 102
\BOOKMARK [2][-]{subsection.6.10.1}{\376\377\0006\000.\0001\0000\000.\0001\000\040\000D\000e\000t\000a\000i\000l\000e\000d\000\040\000D\000e\000s\000c\000r\000i\000p\000t\000i\000o\000n}{section.6.10}% 103
\BOOKMARK [2][-]{subsection.6.10.2}{\376\377\0006\000.\0001\0000\000.\0002\000\040\000C\000o\000n\000s\000t\000r\000u\000c\000t\000o\000r\000\040\000\046\000\040\000D\000e\000s\000t\000r\000u\000c\000t\000o\000r\000\040\000D\000o\000c\000u\000m\000e\000n\000t\000a\000t\000i\000o\000n}{section.6.10}% 104
\BOOKMARK [3][-]{subsubsection.6.10.2.1}{\376\377\0006\000.\0001\0000\000.\0002\000.\0001\000\040\000M\000a\000k\000e\000s\000\050\000\051\000\040\000[\0001\000/\0002\000]}{subsection.6.10.2}% 105
\BOOKMARK [3][-]{subsubsection.6.10.2.2}{\376\377\0006\000.\0001\0000\000.\0002\000.\0002\000\040\000M\000a\000k\000e\000s\000\050\000\051\000\040\000[\0002\000/\0002\000]}{subsection.6.10.2}% 106
\BOOKMARK [2][-]{subsection.6.10.3}{\376\377\0006\000.\0001\0000\000.\0003\000\040\000M\000e\000m\000b\000e\000r\000\040\000F\000u\000n\000c\000t\000i\000o\000n\000\040\000D\000o\000c\000u\000m\000e\000n\000t\000a\000t\000i\000o\000n}{section.6.10}% 107
\BOOKMARK [3][-]{subsubsection.6.10.3.1}{\376\377\0006\000.\0001\0000\000.\0003\000.\0001\000\040\000A\000d\000d\000\050\000\051}{subsection.6.10.3}% 108
\BOOKMARK [3][-]{subsubsection.6.10.3.2}{\376\377\0006\000.\0001\0000\000.\0003\000.\0002\000\040\000E\000x\000i\000s\000t\000\050\000\051}{subsection.6.10.3}% 109
\BOOKMARK [3][-]{subsubsection.6.10.3.3}{\376\377\0006\000.\0001\0000\000.\0003\000.\0003\000\040\000R\000e\000m\000o\000v\000e\000\050\000\051}{subsection.6.10.3}% 110
\BOOKMARK [2][-]{subsection.6.10.4}{\376\377\0006\000.\0001\0000\000.\0004\000\040\000P\000r\000o\000p\000e\000r\000t\000y\000\040\000D\000o\000c\000u\000m\000e\000n\000t\000a\000t\000i\000o\000n}{section.6.10}% 111
\BOOKMARK [3][-]{subsubsection.6.10.4.1}{\376\377\0006\000.\0001\0000\000.\0004\000.\0001\000\040\000M\000a\000k\000e\000L\000i\000s\000t}{subsection.6.10.4}% 112
\BOOKMARK [1][-]{section.6.11}{\376\377\0006\000.\0001\0001\000\040\000t\000r\000a\000b\000a\000l\000h\000o\000P\000O\000O\000\137\0002\0007\0009\0006\0007\000.\000P\000r\000o\000d\000u\000c\000t\000\040\000C\000l\000a\000s\000s\000\040\000R\000e\000f\000e\000r\000e\000n\000c\000e}{chapter.6}% 113
\BOOKMARK [2][-]{subsection.6.11.1}{\376\377\0006\000.\0001\0001\000.\0001\000\040\000D\000e\000t\000a\000i\000l\000e\000d\000\040\000D\000e\000s\000c\000r\000i\000p\000t\000i\000o\000n}{section.6.11}% 114
\BOOKMARK [2][-]{subsection.6.11.2}{\376\377\0006\000.\0001\0001\000.\0002\000\040\000C\000o\000n\000s\000t\000r\000u\000c\000t\000o\000r\000\040\000\046\000\040\000D\000e\000s\000t\000r\000u\000c\000t\000o\000r\000\040\000D\000o\000c\000u\000m\000e\000n\000t\000a\000t\000i\000o\000n}{section.6.11}% 115
\BOOKMARK [3][-]{subsubsection.6.11.2.1}{\376\377\0006\000.\0001\0001\000.\0002\000.\0001\000\040\000P\000r\000o\000d\000u\000c\000t\000\050\000\051\000\040\000[\0001\000/\0002\000]}{subsection.6.11.2}% 116
\BOOKMARK [3][-]{subsubsection.6.11.2.2}{\376\377\0006\000.\0001\0001\000.\0002\000.\0002\000\040\000P\000r\000o\000d\000u\000c\000t\000\050\000\051\000\040\000[\0002\000/\0002\000]}{subsection.6.11.2}% 117
\BOOKMARK [2][-]{subsection.6.11.3}{\376\377\0006\000.\0001\0001\000.\0003\000\040\000M\000e\000m\000b\000e\000r\000\040\000F\000u\000n\000c\000t\000i\000o\000n\000\040\000D\000o\000c\000u\000m\000e\000n\000t\000a\000t\000i\000o\000n}{section.6.11}% 118
\BOOKMARK [3][-]{subsubsection.6.11.3.1}{\376\377\0006\000.\0001\0001\000.\0003\000.\0001\000\040\000E\000q\000u\000a\000l\000s\000\050\000\051}{subsection.6.11.3}% 119
\BOOKMARK [3][-]{subsubsection.6.11.3.2}{\376\377\0006\000.\0001\0001\000.\0003\000.\0002\000\040\000o\000p\000e\000r\000a\000t\000o\000r\000!\000=\000\050\000\051}{subsection.6.11.3}% 120
\BOOKMARK [3][-]{subsubsection.6.11.3.3}{\376\377\0006\000.\0001\0001\000.\0003\000.\0003\000\040\000o\000p\000e\000r\000a\000t\000o\000r\000=\000=\000\050\000\051}{subsection.6.11.3}% 121
\BOOKMARK [3][-]{subsubsection.6.11.3.4}{\376\377\0006\000.\0001\0001\000.\0003\000.\0004\000\040\000T\000o\000S\000t\000r\000i\000n\000g\000\050\000\051}{subsection.6.11.3}% 122
\BOOKMARK [2][-]{subsection.6.11.4}{\376\377\0006\000.\0001\0001\000.\0004\000\040\000P\000r\000o\000p\000e\000r\000t\000y\000\040\000D\000o\000c\000u\000m\000e\000n\000t\000a\000t\000i\000o\000n}{section.6.11}% 123
\BOOKMARK [3][-]{subsubsection.6.11.4.1}{\376\377\0006\000.\0001\0001\000.\0004\000.\0001\000\040\000C\000a\000t\000e\000g\000o\000r\000y}{subsection.6.11.4}% 124
\BOOKMARK [3][-]{subsubsection.6.11.4.2}{\376\377\0006\000.\0001\0001\000.\0004\000.\0002\000\040\000M\000a\000k\000e}{subsection.6.11.4}% 125
\BOOKMARK [3][-]{subsubsection.6.11.4.3}{\376\377\0006\000.\0001\0001\000.\0004\000.\0003\000\040\000P\000r\000i\000c\000e}{subsection.6.11.4}% 126
\BOOKMARK [3][-]{subsubsection.6.11.4.4}{\376\377\0006\000.\0001\0001\000.\0004\000.\0004\000\040\000R\000e\000f\000e\000r\000e\000n\000c\000e}{subsection.6.11.4}% 127
\BOOKMARK [3][-]{subsubsection.6.11.4.5}{\376\377\0006\000.\0001\0001\000.\0004\000.\0005\000\040\000S\000t\000o\000c\000k}{subsection.6.11.4}% 128
\BOOKMARK [3][-]{subsubsection.6.11.4.6}{\376\377\0006\000.\0001\0001\000.\0004\000.\0006\000\040\000W\000a\000r\000r\000a\000n\000t\000y}{subsection.6.11.4}% 129
\BOOKMARK [1][-]{section.6.12}{\376\377\0006\000.\0001\0002\000\040\000t\000r\000a\000b\000a\000l\000h\000o\000P\000O\000O\000\137\0002\0007\0009\0006\0007\000.\000P\000r\000o\000d\000u\000c\000t\000s\000\040\000C\000l\000a\000s\000s\000\040\000R\000e\000f\000e\000r\000e\000n\000c\000e}{chapter.6}% 130
\BOOKMARK [2][-]{subsection.6.12.1}{\376\377\0006\000.\0001\0002\000.\0001\000\040\000D\000e\000t\000a\000i\000l\000e\000d\000\040\000D\000e\000s\000c\000r\000i\000p\000t\000i\000o\000n}{section.6.12}% 131
\BOOKMARK [2][-]{subsection.6.12.2}{\376\377\0006\000.\0001\0002\000.\0002\000\040\000C\000o\000n\000s\000t\000r\000u\000c\000t\000o\000r\000\040\000\046\000\040\000D\000e\000s\000t\000r\000u\000c\000t\000o\000r\000\040\000D\000o\000c\000u\000m\000e\000n\000t\000a\000t\000i\000o\000n}{section.6.12}% 132
\BOOKMARK [3][-]{subsubsection.6.12.2.1}{\376\377\0006\000.\0001\0002\000.\0002\000.\0001\000\040\000P\000r\000o\000d\000u\000c\000t\000s\000\050\000\051\000\040\000[\0001\000/\0002\000]}{subsection.6.12.2}% 133
\BOOKMARK [3][-]{subsubsection.6.12.2.2}{\376\377\0006\000.\0001\0002\000.\0002\000.\0002\000\040\000P\000r\000o\000d\000u\000c\000t\000s\000\050\000\051\000\040\000[\0002\000/\0002\000]}{subsection.6.12.2}% 134
\BOOKMARK [2][-]{subsection.6.12.3}{\376\377\0006\000.\0001\0002\000.\0003\000\040\000M\000e\000m\000b\000e\000r\000\040\000F\000u\000n\000c\000t\000i\000o\000n\000\040\000D\000o\000c\000u\000m\000e\000n\000t\000a\000t\000i\000o\000n}{section.6.12}% 135
\BOOKMARK [3][-]{subsubsection.6.12.3.1}{\376\377\0006\000.\0001\0002\000.\0003\000.\0001\000\040\000A\000d\000d\000\050\000\051}{subsection.6.12.3}% 136
\BOOKMARK [3][-]{subsubsection.6.12.3.2}{\376\377\0006\000.\0001\0002\000.\0003\000.\0002\000\040\000E\000x\000i\000s\000t\000\050\000\051}{subsection.6.12.3}% 137
\BOOKMARK [3][-]{subsubsection.6.12.3.3}{\376\377\0006\000.\0001\0002\000.\0003\000.\0003\000\040\000R\000e\000m\000o\000v\000e\000\050\000\051}{subsection.6.12.3}% 138
\BOOKMARK [3][-]{subsubsection.6.12.3.4}{\376\377\0006\000.\0001\0002\000.\0003\000.\0004\000\040\000S\000e\000a\000r\000c\000h\000P\000r\000o\000d\000u\000c\000t\000\050\000\051}{subsection.6.12.3}% 139
\BOOKMARK [3][-]{subsubsection.6.12.3.5}{\376\377\0006\000.\0001\0002\000.\0003\000.\0005\000\040\000T\000o\000S\000t\000r\000i\000n\000g\000\050\000\051}{subsection.6.12.3}% 140
\BOOKMARK [3][-]{subsubsection.6.12.3.6}{\376\377\0006\000.\0001\0002\000.\0003\000.\0006\000\040\000T\000o\000t\000a\000l\000P\000r\000i\000c\000e\000\050\000\051}{subsection.6.12.3}% 141
\BOOKMARK [3][-]{subsubsection.6.12.3.7}{\376\377\0006\000.\0001\0002\000.\0003\000.\0007\000\040\000V\000a\000l\000u\000e\000I\000n\000P\000o\000s\000i\000t\000i\000o\000n\000\050\000\051}{subsection.6.12.3}% 142
\BOOKMARK [3][-]{subsubsection.6.12.3.8}{\376\377\0006\000.\0001\0002\000.\0003\000.\0008\000\040\000W\000a\000r\000r\000a\000t\000y\000E\000x\000p\000i\000r\000a\000t\000i\000o\000n\000D\000a\000t\000e\000F\000o\000r\000P\000r\000o\000d\000u\000c\000t\000\050\000\051}{subsection.6.12.3}% 143
\BOOKMARK [2][-]{subsection.6.12.4}{\376\377\0006\000.\0001\0002\000.\0004\000\040\000P\000r\000o\000p\000e\000r\000t\000y\000\040\000D\000o\000c\000u\000m\000e\000n\000t\000a\000t\000i\000o\000n}{section.6.12}% 144
\BOOKMARK [3][-]{subsubsection.6.12.4.1}{\376\377\0006\000.\0001\0002\000.\0004\000.\0001\000\040\000P\000r\000o\000d\000s}{subsection.6.12.4}% 145
\BOOKMARK [1][-]{section.6.13}{\376\377\0006\000.\0001\0003\000\040\000t\000r\000a\000b\000a\000l\000h\000o\000P\000O\000O\000\137\0002\0007\0009\0006\0007\000.\000S\000a\000l\000e\000\040\000C\000l\000a\000s\000s\000\040\000R\000e\000f\000e\000r\000e\000n\000c\000e}{chapter.6}% 146
\BOOKMARK [2][-]{subsection.6.13.1}{\376\377\0006\000.\0001\0003\000.\0001\000\040\000D\000e\000t\000a\000i\000l\000e\000d\000\040\000D\000e\000s\000c\000r\000i\000p\000t\000i\000o\000n}{section.6.13}% 147
\BOOKMARK [2][-]{subsection.6.13.2}{\376\377\0006\000.\0001\0003\000.\0002\000\040\000C\000o\000n\000s\000t\000r\000u\000c\000t\000o\000r\000\040\000\046\000\040\000D\000e\000s\000t\000r\000u\000c\000t\000o\000r\000\040\000D\000o\000c\000u\000m\000e\000n\000t\000a\000t\000i\000o\000n}{section.6.13}% 148
\BOOKMARK [3][-]{subsubsection.6.13.2.1}{\376\377\0006\000.\0001\0003\000.\0002\000.\0001\000\040\000S\000a\000l\000e\000\050\000\051\000\040\000[\0001\000/\0002\000]}{subsection.6.13.2}% 149
\BOOKMARK [3][-]{subsubsection.6.13.2.2}{\376\377\0006\000.\0001\0003\000.\0002\000.\0002\000\040\000S\000a\000l\000e\000\050\000\051\000\040\000[\0002\000/\0002\000]}{subsection.6.13.2}% 150
\BOOKMARK [2][-]{subsection.6.13.3}{\376\377\0006\000.\0001\0003\000.\0003\000\040\000M\000e\000m\000b\000e\000r\000\040\000F\000u\000n\000c\000t\000i\000o\000n\000\040\000D\000o\000c\000u\000m\000e\000n\000t\000a\000t\000i\000o\000n}{section.6.13}% 151
\BOOKMARK [3][-]{subsubsection.6.13.3.1}{\376\377\0006\000.\0001\0003\000.\0003\000.\0001\000\040\000E\000q\000u\000a\000l\000s\000\050\000\051}{subsection.6.13.3}% 152
\BOOKMARK [3][-]{subsubsection.6.13.3.2}{\376\377\0006\000.\0001\0003\000.\0003\000.\0002\000\040\000E\000x\000i\000s\000t\000P\000r\000o\000d\000u\000c\000t\000O\000n\000S\000a\000l\000e\000\050\000\051}{subsection.6.13.3}% 153
\BOOKMARK [3][-]{subsubsection.6.13.3.3}{\376\377\0006\000.\0001\0003\000.\0003\000.\0003\000\040\000I\000n\000s\000e\000r\000t\000P\000r\000o\000d\000u\000c\000t\000O\000n\000S\000a\000l\000e\000\050\000\051}{subsection.6.13.3}% 154
\BOOKMARK [3][-]{subsubsection.6.13.3.4}{\376\377\0006\000.\0001\0003\000.\0003\000.\0004\000\040\000o\000p\000e\000r\000a\000t\000o\000r\000!\000=\000\050\000\051}{subsection.6.13.3}% 155
\BOOKMARK [3][-]{subsubsection.6.13.3.5}{\376\377\0006\000.\0001\0003\000.\0003\000.\0005\000\040\000o\000p\000e\000r\000a\000t\000o\000r\000=\000=\000\050\000\051}{subsection.6.13.3}% 156
\BOOKMARK [3][-]{subsubsection.6.13.3.6}{\376\377\0006\000.\0001\0003\000.\0003\000.\0006\000\040\000R\000e\000m\000o\000v\000e\000P\000r\000o\000d\000u\000c\000t\000F\000r\000o\000m\000S\000a\000l\000e\000\050\000\051}{subsection.6.13.3}% 157
\BOOKMARK [3][-]{subsubsection.6.13.3.7}{\376\377\0006\000.\0001\0003\000.\0003\000.\0007\000\040\000T\000o\000S\000t\000r\000i\000n\000g\000\050\000\051}{subsection.6.13.3}% 158
\BOOKMARK [3][-]{subsubsection.6.13.3.8}{\376\377\0006\000.\0001\0003\000.\0003\000.\0008\000\040\000T\000o\000t\000a\000l\000P\000r\000i\000c\000e\000\050\000\051}{subsection.6.13.3}% 159
\BOOKMARK [3][-]{subsubsection.6.13.3.9}{\376\377\0006\000.\0001\0003\000.\0003\000.\0009\000\040\000W\000a\000r\000r\000a\000n\000t\000y\000E\000x\000p\000i\000r\000a\000t\000i\000o\000n\000D\000a\000t\000e\000\050\000\051}{subsection.6.13.3}% 160
\BOOKMARK [2][-]{subsection.6.13.4}{\376\377\0006\000.\0001\0003\000.\0004\000\040\000P\000r\000o\000p\000e\000r\000t\000y\000\040\000D\000o\000c\000u\000m\000e\000n\000t\000a\000t\000i\000o\000n}{section.6.13}% 161
\BOOKMARK [3][-]{subsubsection.6.13.4.1}{\376\377\0006\000.\0001\0003\000.\0004\000.\0001\000\040\000C\000a\000m\000p\000a\000i\000g\000n\000s}{subsection.6.13.4}% 162
\BOOKMARK [3][-]{subsubsection.6.13.4.2}{\376\377\0006\000.\0001\0003\000.\0004\000.\0002\000\040\000C\000l\000i\000e\000n\000t}{subsection.6.13.4}% 163
\BOOKMARK [3][-]{subsubsection.6.13.4.3}{\376\377\0006\000.\0001\0003\000.\0004\000.\0003\000\040\000I\000d}{subsection.6.13.4}% 164
\BOOKMARK [3][-]{subsubsection.6.13.4.4}{\376\377\0006\000.\0001\0003\000.\0004\000.\0004\000\040\000P\000r\000o\000d\000u\000c\000t\000s}{subsection.6.13.4}% 165
\BOOKMARK [3][-]{subsubsection.6.13.4.5}{\376\377\0006\000.\0001\0003\000.\0004\000.\0005\000\040\000S\000a\000l\000e\000D\000a\000t\000e}{subsection.6.13.4}% 166
\BOOKMARK [3][-]{subsubsection.6.13.4.6}{\376\377\0006\000.\0001\0003\000.\0004\000.\0006\000\040\000T\000o\000t\000P\000r\000i\000c\000e}{subsection.6.13.4}% 167
\BOOKMARK [1][-]{section.6.14}{\376\377\0006\000.\0001\0004\000\040\000t\000r\000a\000b\000a\000l\000h\000o\000P\000O\000O\000\137\0002\0007\0009\0006\0007\000.\000S\000a\000l\000e\000s\000\040\000C\000l\000a\000s\000s\000\040\000R\000e\000f\000e\000r\000e\000n\000c\000e}{chapter.6}% 168
\BOOKMARK [2][-]{subsection.6.14.1}{\376\377\0006\000.\0001\0004\000.\0001\000\040\000D\000e\000t\000a\000i\000l\000e\000d\000\040\000D\000e\000s\000c\000r\000i\000p\000t\000i\000o\000n}{section.6.14}% 169
\BOOKMARK [2][-]{subsection.6.14.2}{\376\377\0006\000.\0001\0004\000.\0002\000\040\000C\000o\000n\000s\000t\000r\000u\000c\000t\000o\000r\000\040\000\046\000\040\000D\000e\000s\000t\000r\000u\000c\000t\000o\000r\000\040\000D\000o\000c\000u\000m\000e\000n\000t\000a\000t\000i\000o\000n}{section.6.14}% 170
\BOOKMARK [3][-]{subsubsection.6.14.2.1}{\376\377\0006\000.\0001\0004\000.\0002\000.\0001\000\040\000S\000a\000l\000e\000s\000\050\000\051\000\040\000[\0001\000/\0002\000]}{subsection.6.14.2}% 171
\BOOKMARK [3][-]{subsubsection.6.14.2.2}{\376\377\0006\000.\0001\0004\000.\0002\000.\0002\000\040\000S\000a\000l\000e\000s\000\050\000\051\000\040\000[\0002\000/\0002\000]}{subsection.6.14.2}% 172
\BOOKMARK [2][-]{subsection.6.14.3}{\376\377\0006\000.\0001\0004\000.\0003\000\040\000M\000e\000m\000b\000e\000r\000\040\000F\000u\000n\000c\000t\000i\000o\000n\000\040\000D\000o\000c\000u\000m\000e\000n\000t\000a\000t\000i\000o\000n}{section.6.14}% 173
\BOOKMARK [3][-]{subsubsection.6.14.3.1}{\376\377\0006\000.\0001\0004\000.\0003\000.\0001\000\040\000A\000d\000d\000\050\000\051}{subsection.6.14.3}% 174
\BOOKMARK [3][-]{subsubsection.6.14.3.2}{\376\377\0006\000.\0001\0004\000.\0003\000.\0002\000\040\000E\000x\000i\000s\000t\000\050\000\051}{subsection.6.14.3}% 175
\BOOKMARK [3][-]{subsubsection.6.14.3.3}{\376\377\0006\000.\0001\0004\000.\0003\000.\0003\000\040\000G\000e\000t\000S\000a\000l\000e\000\050\000\051}{subsection.6.14.3}% 176
\BOOKMARK [3][-]{subsubsection.6.14.3.4}{\376\377\0006\000.\0001\0004\000.\0003\000.\0004\000\040\000R\000e\000m\000o\000v\000e\000\050\000\051}{subsection.6.14.3}% 177
\BOOKMARK [2][-]{subsection.6.14.4}{\376\377\0006\000.\0001\0004\000.\0004\000\040\000P\000r\000o\000p\000e\000r\000t\000y\000\040\000D\000o\000c\000u\000m\000e\000n\000t\000a\000t\000i\000o\000n}{section.6.14}% 178
\BOOKMARK [3][-]{subsubsection.6.14.4.1}{\376\377\0006\000.\0001\0004\000.\0004\000.\0001\000\040\000S\000a\000l\000e\000s\000S\000t\000o\000r\000e\000d}{subsection.6.14.4}% 179
\BOOKMARK [1][-]{section.6.15}{\376\377\0006\000.\0001\0005\000\040\000t\000r\000a\000b\000a\000l\000h\000o\000P\000O\000O\000\137\0002\0007\0009\0006\0007\000.\000S\000t\000o\000r\000e\000.\000S\000t\000o\000r\000e\000\040\000C\000l\000a\000s\000s\000\040\000R\000e\000f\000e\000r\000e\000n\000c\000e}{chapter.6}% 180
\BOOKMARK [2][-]{subsection.6.15.1}{\376\377\0006\000.\0001\0005\000.\0001\000\040\000D\000e\000t\000a\000i\000l\000e\000d\000\040\000D\000e\000s\000c\000r\000i\000p\000t\000i\000o\000n}{section.6.15}% 181
\BOOKMARK [2][-]{subsection.6.15.2}{\376\377\0006\000.\0001\0005\000.\0002\000\040\000C\000o\000n\000s\000t\000r\000u\000c\000t\000o\000r\000\040\000\046\000\040\000D\000e\000s\000t\000r\000u\000c\000t\000o\000r\000\040\000D\000o\000c\000u\000m\000e\000n\000t\000a\000t\000i\000o\000n}{section.6.15}% 182
\BOOKMARK [3][-]{subsubsection.6.15.2.1}{\376\377\0006\000.\0001\0005\000.\0002\000.\0001\000\040\000S\000t\000o\000r\000e\000\050\000\051\000\040\000[\0001\000/\0002\000]}{subsection.6.15.2}% 183
\BOOKMARK [3][-]{subsubsection.6.15.2.2}{\376\377\0006\000.\0001\0005\000.\0002\000.\0002\000\040\000S\000t\000o\000r\000e\000\050\000\051\000\040\000[\0002\000/\0002\000]}{subsection.6.15.2}% 184
\BOOKMARK [2][-]{subsection.6.15.3}{\376\377\0006\000.\0001\0005\000.\0003\000\040\000P\000r\000o\000p\000e\000r\000t\000y\000\040\000D\000o\000c\000u\000m\000e\000n\000t\000a\000t\000i\000o\000n}{section.6.15}% 185
\BOOKMARK [3][-]{subsubsection.6.15.3.1}{\376\377\0006\000.\0001\0005\000.\0003\000.\0001\000\040\000C\000a\000t\000L\000i\000s\000t}{subsection.6.15.3}% 186
\BOOKMARK [3][-]{subsubsection.6.15.3.2}{\376\377\0006\000.\0001\0005\000.\0003\000.\0002\000\040\000C\000l\000i\000e\000n\000t\000L\000I\000s\000t}{subsection.6.15.3}% 187
\BOOKMARK [3][-]{subsubsection.6.15.3.3}{\376\377\0006\000.\0001\0005\000.\0003\000.\0003\000\040\000M\000a\000k\000e\000L\000i\000s\000t}{subsection.6.15.3}% 188
\BOOKMARK [3][-]{subsubsection.6.15.3.4}{\376\377\0006\000.\0001\0005\000.\0003\000.\0004\000\040\000P\000r\000o\000d\000L\000i\000s\000t}{subsection.6.15.3}% 189
\BOOKMARK [3][-]{subsubsection.6.15.3.5}{\376\377\0006\000.\0001\0005\000.\0003\000.\0005\000\040\000S\000a\000l\000e\000L\000i\000s\000t}{subsection.6.15.3}% 190
\BOOKMARK [3][-]{subsubsection.6.15.3.6}{\376\377\0006\000.\0001\0005\000.\0003\000.\0006\000\040\000W\000a\000r\000r\000a\000n\000t\000L\000i\000s\000t}{subsection.6.15.3}% 191
\BOOKMARK [1][-]{section.6.16}{\376\377\0006\000.\0001\0006\000\040\000t\000r\000a\000b\000a\000l\000h\000o\000P\000O\000O\000\137\0002\0007\0009\0006\0007\000.\000W\000a\000r\000r\000a\000n\000t\000i\000e\000s\000\040\000C\000l\000a\000s\000s\000\040\000R\000e\000f\000e\000r\000e\000n\000c\000e}{chapter.6}% 192
\BOOKMARK [2][-]{subsection.6.16.1}{\376\377\0006\000.\0001\0006\000.\0001\000\040\000D\000e\000t\000a\000i\000l\000e\000d\000\040\000D\000e\000s\000c\000r\000i\000p\000t\000i\000o\000n}{section.6.16}% 193
\BOOKMARK [2][-]{subsection.6.16.2}{\376\377\0006\000.\0001\0006\000.\0002\000\040\000C\000o\000n\000s\000t\000r\000u\000c\000t\000o\000r\000\040\000\046\000\040\000D\000e\000s\000t\000r\000u\000c\000t\000o\000r\000\040\000D\000o\000c\000u\000m\000e\000n\000t\000a\000t\000i\000o\000n}{section.6.16}% 194
\BOOKMARK [3][-]{subsubsection.6.16.2.1}{\376\377\0006\000.\0001\0006\000.\0002\000.\0001\000\040\000W\000a\000r\000r\000a\000n\000t\000i\000e\000s\000\050\000\051\000\040\000[\0001\000/\0002\000]}{subsection.6.16.2}% 195
\BOOKMARK [3][-]{subsubsection.6.16.2.2}{\376\377\0006\000.\0001\0006\000.\0002\000.\0002\000\040\000W\000a\000r\000r\000a\000n\000t\000i\000e\000s\000\050\000\051\000\040\000[\0002\000/\0002\000]}{subsection.6.16.2}% 196
\BOOKMARK [2][-]{subsection.6.16.3}{\376\377\0006\000.\0001\0006\000.\0003\000\040\000M\000e\000m\000b\000e\000r\000\040\000F\000u\000n\000c\000t\000i\000o\000n\000\040\000D\000o\000c\000u\000m\000e\000n\000t\000a\000t\000i\000o\000n}{section.6.16}% 197
\BOOKMARK [3][-]{subsubsection.6.16.3.1}{\376\377\0006\000.\0001\0006\000.\0003\000.\0001\000\040\000A\000d\000d\000\050\000\051}{subsection.6.16.3}% 198
\BOOKMARK [3][-]{subsubsection.6.16.3.2}{\376\377\0006\000.\0001\0006\000.\0003\000.\0002\000\040\000E\000x\000i\000s\000t\000\050\000\051}{subsection.6.16.3}% 199
\BOOKMARK [3][-]{subsubsection.6.16.3.3}{\376\377\0006\000.\0001\0006\000.\0003\000.\0003\000\040\000R\000e\000m\000o\000v\000e\000\050\000\051}{subsection.6.16.3}% 200
\BOOKMARK [2][-]{subsection.6.16.4}{\376\377\0006\000.\0001\0006\000.\0004\000\040\000P\000r\000o\000p\000e\000r\000t\000y\000\040\000D\000o\000c\000u\000m\000e\000n\000t\000a\000t\000i\000o\000n}{section.6.16}% 201
\BOOKMARK [3][-]{subsubsection.6.16.4.1}{\376\377\0006\000.\0001\0006\000.\0004\000.\0001\000\040\000W\000a\000r\000r\000a\000n\000t\000s}{subsection.6.16.4}% 202
\BOOKMARK [1][-]{section.6.17}{\376\377\0006\000.\0001\0007\000\040\000t\000r\000a\000b\000a\000l\000h\000o\000P\000O\000O\000\137\0002\0007\0009\0006\0007\000.\000W\000a\000r\000r\000a\000n\000t\000y\000\040\000C\000l\000a\000s\000s\000\040\000R\000e\000f\000e\000r\000e\000n\000c\000e}{chapter.6}% 203
\BOOKMARK [2][-]{subsection.6.17.1}{\376\377\0006\000.\0001\0007\000.\0001\000\040\000D\000e\000t\000a\000i\000l\000e\000d\000\040\000D\000e\000s\000c\000r\000i\000p\000t\000i\000o\000n}{section.6.17}% 204
\BOOKMARK [2][-]{subsection.6.17.2}{\376\377\0006\000.\0001\0007\000.\0002\000\040\000C\000o\000n\000s\000t\000r\000u\000c\000t\000o\000r\000\040\000\046\000\040\000D\000e\000s\000t\000r\000u\000c\000t\000o\000r\000\040\000D\000o\000c\000u\000m\000e\000n\000t\000a\000t\000i\000o\000n}{section.6.17}% 205
\BOOKMARK [3][-]{subsubsection.6.17.2.1}{\376\377\0006\000.\0001\0007\000.\0002\000.\0001\000\040\000W\000a\000r\000r\000a\000n\000t\000y\000\050\000\051\000\040\000[\0001\000/\0002\000]}{subsection.6.17.2}% 206
\BOOKMARK [3][-]{subsubsection.6.17.2.2}{\376\377\0006\000.\0001\0007\000.\0002\000.\0002\000\040\000W\000a\000r\000r\000a\000n\000t\000y\000\050\000\051\000\040\000[\0002\000/\0002\000]}{subsection.6.17.2}% 207
\BOOKMARK [2][-]{subsection.6.17.3}{\376\377\0006\000.\0001\0007\000.\0003\000\040\000M\000e\000m\000b\000e\000r\000\040\000F\000u\000n\000c\000t\000i\000o\000n\000\040\000D\000o\000c\000u\000m\000e\000n\000t\000a\000t\000i\000o\000n}{section.6.17}% 208
\BOOKMARK [3][-]{subsubsection.6.17.3.1}{\376\377\0006\000.\0001\0007\000.\0003\000.\0001\000\040\000E\000q\000u\000a\000l\000s\000\050\000\051}{subsection.6.17.3}% 209
\BOOKMARK [3][-]{subsubsection.6.17.3.2}{\376\377\0006\000.\0001\0007\000.\0003\000.\0002\000\040\000E\000x\000p\000i\000r\000a\000t\000i\000o\000n\000D\000a\000t\000e\000\050\000\051}{subsection.6.17.3}% 210
\BOOKMARK [3][-]{subsubsection.6.17.3.3}{\376\377\0006\000.\0001\0007\000.\0003\000.\0003\000\040\000o\000p\000e\000r\000a\000t\000o\000r\000!\000=\000\050\000\051}{subsection.6.17.3}% 211
\BOOKMARK [3][-]{subsubsection.6.17.3.4}{\376\377\0006\000.\0001\0007\000.\0003\000.\0004\000\040\000o\000p\000e\000r\000a\000t\000o\000r\000=\000=\000\050\000\051}{subsection.6.17.3}% 212
\BOOKMARK [3][-]{subsubsection.6.17.3.5}{\376\377\0006\000.\0001\0007\000.\0003\000.\0005\000\040\000T\000o\000S\000t\000r\000i\000n\000g\000\050\000\051}{subsection.6.17.3}% 213
\BOOKMARK [2][-]{subsection.6.17.4}{\376\377\0006\000.\0001\0007\000.\0004\000\040\000P\000r\000o\000p\000e\000r\000t\000y\000\040\000D\000o\000c\000u\000m\000e\000n\000t\000a\000t\000i\000o\000n}{section.6.17}% 214
\BOOKMARK [3][-]{subsubsection.6.17.4.1}{\376\377\0006\000.\0001\0007\000.\0004\000.\0001\000\040\000C\000o\000n\000d\000i\000t\000i\000o\000n\000s}{subsection.6.17.4}% 215
\BOOKMARK [3][-]{subsubsection.6.17.4.2}{\376\377\0006\000.\0001\0007\000.\0004\000.\0002\000\040\000D\000u\000r\000a\000t\000i\000o\000n\000I\000n\000Y\000e\000a\000r\000s}{subsection.6.17.4}% 216
\BOOKMARK [3][-]{subsubsection.6.17.4.3}{\376\377\0006\000.\0001\0007\000.\0004\000.\0003\000\040\000P\000r\000o\000d\000I\000D}{subsection.6.17.4}% 217
\BOOKMARK [0][-]{chapter.7}{\376\377\0007\000\040\000F\000i\000l\000e\000\040\000D\000o\000c\000u\000m\000e\000n\000t\000a\000t\000i\000o\000n}{}% 218
\BOOKMARK [1][-]{section.7.1}{\376\377\0007\000.\0001\000\040\000D\000:\000/\000A\000u\000l\000a\000s\000/\000P\000O\000O\000/\000T\000P\000\137\000P\000O\000O\000\137\0002\0007\0009\0006\0007\000/\000t\000r\000a\000b\000a\000l\000h\000o\000P\000O\000O\000\137\0002\0007\0009\0006\0007\000/\000B\000e\000s\000t\000S\000a\000l\000e\000.\000c\000s\000\040\000F\000i\000l\000e\000\040\000R\000e\000f\000e\000r\000e\000n\000c\000e}{chapter.7}% 219
\BOOKMARK [1][-]{section.7.2}{\376\377\0007\000.\0002\000\040\000B\000e\000s\000t\000S\000a\000l\000e\000.\000c\000s}{chapter.7}% 220
\BOOKMARK [1][-]{section.7.3}{\376\377\0007\000.\0003\000\040\000D\000:\000/\000A\000u\000l\000a\000s\000/\000P\000O\000O\000/\000T\000P\000\137\000P\000O\000O\000\137\0002\0007\0009\0006\0007\000/\000t\000r\000a\000b\000a\000l\000h\000o\000P\000O\000O\000\137\0002\0007\0009\0006\0007\000/\000C\000a\000m\000p\000a\000i\000g\000n\000/\000C\000a\000m\000p\000a\000i\000g\000n\000.\000c\000s\000\040\000F\000i\000l\000e\000\040\000R\000e\000f\000e\000r\000e\000n\000c\000e}{chapter.7}% 221
\BOOKMARK [1][-]{section.7.4}{\376\377\0007\000.\0004\000\040\000C\000a\000m\000p\000a\000i\000g\000n\000.\000c\000s}{chapter.7}% 222
\BOOKMARK [1][-]{section.7.5}{\376\377\0007\000.\0005\000\040\000D\000:\000/\000A\000u\000l\000a\000s\000/\000P\000O\000O\000/\000T\000P\000\137\000P\000O\000O\000\137\0002\0007\0009\0006\0007\000/\000t\000r\000a\000b\000a\000l\000h\000o\000P\000O\000O\000\137\0002\0007\0009\0006\0007\000/\000C\000a\000m\000p\000a\000i\000g\000n\000/\000C\000a\000m\000p\000a\000i\000g\000n\000s\000.\000c\000s\000\040\000F\000i\000l\000e\000\040\000R\000e\000f\000e\000r\000e\000n\000c\000e}{chapter.7}% 223
\BOOKMARK [1][-]{section.7.6}{\376\377\0007\000.\0006\000\040\000C\000a\000m\000p\000a\000i\000g\000n\000s\000.\000c\000s}{chapter.7}% 224
\BOOKMARK [1][-]{section.7.7}{\376\377\0007\000.\0007\000\040\000D\000:\000/\000A\000u\000l\000a\000s\000/\000P\000O\000O\000/\000T\000P\000\137\000P\000O\000O\000\137\0002\0007\0009\0006\0007\000/\000t\000r\000a\000b\000a\000l\000h\000o\000P\000O\000O\000\137\0002\0007\0009\0006\0007\000/\000C\000a\000t\000e\000g\000o\000r\000y\000/\000C\000a\000t\000e\000g\000o\000r\000i\000e\000s\000.\000c\000s\000\040\000F\000i\000l\000e\000\040\000R\000e\000f\000e\000r\000e\000n\000c\000e}{chapter.7}% 225
\BOOKMARK [1][-]{section.7.8}{\376\377\0007\000.\0008\000\040\000C\000a\000t\000e\000g\000o\000r\000i\000e\000s\000.\000c\000s}{chapter.7}% 226
\BOOKMARK [1][-]{section.7.9}{\376\377\0007\000.\0009\000\040\000D\000:\000/\000A\000u\000l\000a\000s\000/\000P\000O\000O\000/\000T\000P\000\137\000P\000O\000O\000\137\0002\0007\0009\0006\0007\000/\000t\000r\000a\000b\000a\000l\000h\000o\000P\000O\000O\000\137\0002\0007\0009\0006\0007\000/\000C\000a\000t\000e\000g\000o\000r\000y\000/\000C\000a\000t\000e\000g\000o\000r\000y\000.\000c\000s\000\040\000F\000i\000l\000e\000\040\000R\000e\000f\000e\000r\000e\000n\000c\000e}{chapter.7}% 227
\BOOKMARK [1][-]{section.7.10}{\376\377\0007\000.\0001\0000\000\040\000C\000a\000t\000e\000g\000o\000r\000y\000.\000c\000s}{chapter.7}% 228
\BOOKMARK [1][-]{section.7.11}{\376\377\0007\000.\0001\0001\000\040\000D\000:\000/\000A\000u\000l\000a\000s\000/\000P\000O\000O\000/\000T\000P\000\137\000P\000O\000O\000\137\0002\0007\0009\0006\0007\000/\000t\000r\000a\000b\000a\000l\000h\000o\000P\000O\000O\000\137\0002\0007\0009\0006\0007\000/\000C\000l\000i\000e\000n\000t\000/\000C\000l\000i\000e\000n\000t\000.\000c\000s\000\040\000F\000i\000l\000e\000\040\000R\000e\000f\000e\000r\000e\000n\000c\000e}{chapter.7}% 229
\BOOKMARK [1][-]{section.7.12}{\376\377\0007\000.\0001\0002\000\040\000C\000l\000i\000e\000n\000t\000.\000c\000s}{chapter.7}% 230
\BOOKMARK [1][-]{section.7.13}{\376\377\0007\000.\0001\0003\000\040\000D\000:\000/\000A\000u\000l\000a\000s\000/\000P\000O\000O\000/\000T\000P\000\137\000P\000O\000O\000\137\0002\0007\0009\0006\0007\000/\000t\000r\000a\000b\000a\000l\000h\000o\000P\000O\000O\000\137\0002\0007\0009\0006\0007\000/\000C\000l\000i\000e\000n\000t\000/\000C\000l\000i\000e\000n\000t\000s\000.\000c\000s\000\040\000F\000i\000l\000e\000\040\000R\000e\000f\000e\000r\000e\000n\000c\000e}{chapter.7}% 231
\BOOKMARK [1][-]{section.7.14}{\376\377\0007\000.\0001\0004\000\040\000C\000l\000i\000e\000n\000t\000s\000.\000c\000s}{chapter.7}% 232
\BOOKMARK [1][-]{section.7.15}{\376\377\0007\000.\0001\0005\000\040\000D\000:\000/\000A\000u\000l\000a\000s\000/\000P\000O\000O\000/\000T\000P\000\137\000P\000O\000O\000\137\0002\0007\0009\0006\0007\000/\000t\000r\000a\000b\000a\000l\000h\000o\000P\000O\000O\000\137\0002\0007\0009\0006\0007\000/\000I\000n\000t\000e\000r\000f\000a\000c\000e\000/\000I\000L\000i\000s\000t\000M\000a\000n\000a\000g\000e\000m\000e\000n\000t\000.\000c\000s\000\040\000F\000i\000l\000e\000\040\000R\000e\000f\000e\000r\000e\000n\000c\000e}{chapter.7}% 233
\BOOKMARK [1][-]{section.7.16}{\376\377\0007\000.\0001\0006\000\040\000I\000L\000i\000s\000t\000M\000a\000n\000a\000g\000e\000m\000e\000n\000t\000.\000c\000s}{chapter.7}% 234
\BOOKMARK [1][-]{section.7.17}{\376\377\0007\000.\0001\0007\000\040\000D\000:\000/\000A\000u\000l\000a\000s\000/\000P\000O\000O\000/\000T\000P\000\137\000P\000O\000O\000\137\0002\0007\0009\0006\0007\000/\000t\000r\000a\000b\000a\000l\000h\000o\000P\000O\000O\000\137\0002\0007\0009\0006\0007\000/\000M\000a\000k\000e\000/\000M\000a\000k\000e\000.\000c\000s\000\040\000F\000i\000l\000e\000\040\000R\000e\000f\000e\000r\000e\000n\000c\000e}{chapter.7}% 235
\BOOKMARK [1][-]{section.7.18}{\376\377\0007\000.\0001\0008\000\040\000M\000a\000k\000e\000.\000c\000s}{chapter.7}% 236
\BOOKMARK [1][-]{section.7.19}{\376\377\0007\000.\0001\0009\000\040\000D\000:\000/\000A\000u\000l\000a\000s\000/\000P\000O\000O\000/\000T\000P\000\137\000P\000O\000O\000\137\0002\0007\0009\0006\0007\000/\000t\000r\000a\000b\000a\000l\000h\000o\000P\000O\000O\000\137\0002\0007\0009\0006\0007\000/\000M\000a\000k\000e\000/\000M\000a\000k\000e\000s\000.\000c\000s\000\040\000F\000i\000l\000e\000\040\000R\000e\000f\000e\000r\000e\000n\000c\000e}{chapter.7}% 237
\BOOKMARK [1][-]{section.7.20}{\376\377\0007\000.\0002\0000\000\040\000M\000a\000k\000e\000s\000.\000c\000s}{chapter.7}% 238
\BOOKMARK [1][-]{section.7.21}{\376\377\0007\000.\0002\0001\000\040\000D\000:\000/\000A\000u\000l\000a\000s\000/\000P\000O\000O\000/\000T\000P\000\137\000P\000O\000O\000\137\0002\0007\0009\0006\0007\000/\000t\000r\000a\000b\000a\000l\000h\000o\000P\000O\000O\000\137\0002\0007\0009\0006\0007\000/\000o\000b\000j\000/\000D\000e\000b\000u\000g\000/\000.\000N\000E\000T\000F\000r\000a\000m\000e\000w\000o\000r\000k\000,\000V\000e\000r\000s\000i\000o\000n\000=\000v\0004\000.\0007\000.\0002\000.\000A\000s\000s\000e\000m\000b\000l\000y\000A\000t\000t\000r\000i\000b\000u\000t\000e\000s\000.\000c\000s\000\040\000F\000i\000l\000e\000\040\000R\000e\000f\000e\000r\000e\000n\000c\000e}{chapter.7}% 239
\BOOKMARK [1][-]{section.7.22}{\376\377\0007\000.\0002\0002\000\040\000.\000N\000E\000T\000F\000r\000a\000m\000e\000w\000o\000r\000k\000,\000V\000e\000r\000s\000i\000o\000n\000=\000v\0004\000.\0007\000.\0002\000.\000A\000s\000s\000e\000m\000b\000l\000y\000A\000t\000t\000r\000i\000b\000u\000t\000e\000s\000.\000c\000s}{chapter.7}% 240
\BOOKMARK [1][-]{section.7.23}{\376\377\0007\000.\0002\0003\000\040\000D\000:\000/\000A\000u\000l\000a\000s\000/\000P\000O\000O\000/\000T\000P\000\137\000P\000O\000O\000\137\0002\0007\0009\0006\0007\000/\000t\000r\000a\000b\000a\000l\000h\000o\000P\000O\000O\000\137\0002\0007\0009\0006\0007\000/\000P\000r\000o\000d\000u\000c\000t\000/\000P\000r\000o\000d\000u\000c\000t\000.\000c\000s\000\040\000F\000i\000l\000e\000\040\000R\000e\000f\000e\000r\000e\000n\000c\000e}{chapter.7}% 241
\BOOKMARK [1][-]{section.7.24}{\376\377\0007\000.\0002\0004\000\040\000P\000r\000o\000d\000u\000c\000t\000.\000c\000s}{chapter.7}% 242
\BOOKMARK [1][-]{section.7.25}{\376\377\0007\000.\0002\0005\000\040\000D\000:\000/\000A\000u\000l\000a\000s\000/\000P\000O\000O\000/\000T\000P\000\137\000P\000O\000O\000\137\0002\0007\0009\0006\0007\000/\000t\000r\000a\000b\000a\000l\000h\000o\000P\000O\000O\000\137\0002\0007\0009\0006\0007\000/\000P\000r\000o\000d\000u\000c\000t\000/\000P\000r\000o\000d\000u\000c\000t\000s\000.\000c\000s\000\040\000F\000i\000l\000e\000\040\000R\000e\000f\000e\000r\000e\000n\000c\000e}{chapter.7}% 243
\BOOKMARK [1][-]{section.7.26}{\376\377\0007\000.\0002\0006\000\040\000P\000r\000o\000d\000u\000c\000t\000s\000.\000c\000s}{chapter.7}% 244
\BOOKMARK [1][-]{section.7.27}{\376\377\0007\000.\0002\0007\000\040\000D\000:\000/\000A\000u\000l\000a\000s\000/\000P\000O\000O\000/\000T\000P\000\137\000P\000O\000O\000\137\0002\0007\0009\0006\0007\000/\000t\000r\000a\000b\000a\000l\000h\000o\000P\000O\000O\000\137\0002\0007\0009\0006\0007\000/\000P\000r\000o\000p\000e\000r\000t\000i\000e\000s\000/\000A\000s\000s\000e\000m\000b\000l\000y\000I\000n\000f\000o\000.\000c\000s\000\040\000F\000i\000l\000e\000\040\000R\000e\000f\000e\000r\000e\000n\000c\000e}{chapter.7}% 245
\BOOKMARK [1][-]{section.7.28}{\376\377\0007\000.\0002\0008\000\040\000A\000s\000s\000e\000m\000b\000l\000y\000I\000n\000f\000o\000.\000c\000s}{chapter.7}% 246
\BOOKMARK [1][-]{section.7.29}{\376\377\0007\000.\0002\0009\000\040\000D\000:\000/\000A\000u\000l\000a\000s\000/\000P\000O\000O\000/\000T\000P\000\137\000P\000O\000O\000\137\0002\0007\0009\0006\0007\000/\000t\000r\000a\000b\000a\000l\000h\000o\000P\000O\000O\000\137\0002\0007\0009\0006\0007\000/\000S\000a\000l\000e\000/\000S\000a\000l\000e\000.\000c\000s\000\040\000F\000i\000l\000e\000\040\000R\000e\000f\000e\000r\000e\000n\000c\000e}{chapter.7}% 247
\BOOKMARK [1][-]{section.7.30}{\376\377\0007\000.\0003\0000\000\040\000S\000a\000l\000e\000.\000c\000s}{chapter.7}% 248
\BOOKMARK [1][-]{section.7.31}{\376\377\0007\000.\0003\0001\000\040\000D\000:\000/\000A\000u\000l\000a\000s\000/\000P\000O\000O\000/\000T\000P\000\137\000P\000O\000O\000\137\0002\0007\0009\0006\0007\000/\000t\000r\000a\000b\000a\000l\000h\000o\000P\000O\000O\000\137\0002\0007\0009\0006\0007\000/\000S\000a\000l\000e\000/\000S\000a\000l\000e\000s\000.\000c\000s\000\040\000F\000i\000l\000e\000\040\000R\000e\000f\000e\000r\000e\000n\000c\000e}{chapter.7}% 249
\BOOKMARK [1][-]{section.7.32}{\376\377\0007\000.\0003\0002\000\040\000S\000a\000l\000e\000s\000.\000c\000s}{chapter.7}% 250
\BOOKMARK [1][-]{section.7.33}{\376\377\0007\000.\0003\0003\000\040\000D\000:\000/\000A\000u\000l\000a\000s\000/\000P\000O\000O\000/\000T\000P\000\137\000P\000O\000O\000\137\0002\0007\0009\0006\0007\000/\000t\000r\000a\000b\000a\000l\000h\000o\000P\000O\000O\000\137\0002\0007\0009\0006\0007\000/\000S\000t\000o\000r\000e\000/\000S\000t\000o\000r\000e\000.\000c\000s\000\040\000F\000i\000l\000e\000\040\000R\000e\000f\000e\000r\000e\000n\000c\000e}{chapter.7}% 251
\BOOKMARK [1][-]{section.7.34}{\376\377\0007\000.\0003\0004\000\040\000S\000t\000o\000r\000e\000.\000c\000s}{chapter.7}% 252
\BOOKMARK [1][-]{section.7.35}{\376\377\0007\000.\0003\0005\000\040\000D\000:\000/\000A\000u\000l\000a\000s\000/\000P\000O\000O\000/\000T\000P\000\137\000P\000O\000O\000\137\0002\0007\0009\0006\0007\000/\000t\000r\000a\000b\000a\000l\000h\000o\000P\000O\000O\000\137\0002\0007\0009\0006\0007\000/\000W\000a\000r\000r\000a\000n\000t\000y\000/\000W\000a\000r\000r\000a\000n\000t\000i\000e\000s\000.\000c\000s\000\040\000F\000i\000l\000e\000\040\000R\000e\000f\000e\000r\000e\000n\000c\000e}{chapter.7}% 253
\BOOKMARK [1][-]{section.7.36}{\376\377\0007\000.\0003\0006\000\040\000W\000a\000r\000r\000a\000n\000t\000i\000e\000s\000.\000c\000s}{chapter.7}% 254
\BOOKMARK [1][-]{section.7.37}{\376\377\0007\000.\0003\0007\000\040\000D\000:\000/\000A\000u\000l\000a\000s\000/\000P\000O\000O\000/\000T\000P\000\137\000P\000O\000O\000\137\0002\0007\0009\0006\0007\000/\000t\000r\000a\000b\000a\000l\000h\000o\000P\000O\000O\000\137\0002\0007\0009\0006\0007\000/\000W\000a\000r\000r\000a\000n\000t\000y\000/\000W\000a\000r\000r\000a\000n\000t\000y\000.\000c\000s\000\040\000F\000i\000l\000e\000\040\000R\000e\000f\000e\000r\000e\000n\000c\000e}{chapter.7}% 255
\BOOKMARK [1][-]{section.7.38}{\376\377\0007\000.\0003\0008\000\040\000W\000a\000r\000r\000a\000n\000t\000y\000.\000c\000s}{chapter.7}% 256
\BOOKMARK [0][-]{section*.75}{\376\377\000I\000n\000d\000e\000x}{}% 257
