\BOOKMARK [0][-]{chapter.1}{\376\377\0001\000\040\000N\000a\000m\000e\000s\000p\000a\000c\000e\000\040\000I\000n\000d\000e\000x}{}% 1
\BOOKMARK [1][-]{section.1.1}{\376\377\0001\000.\0001\000\040\000P\000a\000c\000k\000a\000g\000e\000\040\000L\000i\000s\000t}{chapter.1}% 2
\BOOKMARK [0][-]{chapter.2}{\376\377\0002\000\040\000C\000l\000a\000s\000s\000\040\000I\000n\000d\000e\000x}{}% 3
\BOOKMARK [1][-]{section.2.1}{\376\377\0002\000.\0001\000\040\000C\000l\000a\000s\000s\000\040\000L\000i\000s\000t}{chapter.2}% 4
\BOOKMARK [0][-]{chapter.3}{\376\377\0003\000\040\000F\000i\000l\000e\000\040\000I\000n\000d\000e\000x}{}% 5
\BOOKMARK [1][-]{section.3.1}{\376\377\0003\000.\0001\000\040\000F\000i\000l\000e\000\040\000L\000i\000s\000t}{chapter.3}% 6
\BOOKMARK [0][-]{chapter.4}{\376\377\0004\000\040\000N\000a\000m\000e\000s\000p\000a\000c\000e\000\040\000D\000o\000c\000u\000m\000e\000n\000t\000a\000t\000i\000o\000n}{}% 7
\BOOKMARK [1][-]{section.4.1}{\376\377\0004\000.\0001\000\040\000t\000r\000a\000b\000a\000l\000h\000o\000P\000O\000O\000\137\0002\0007\0009\0006\0007\000\040\000N\000a\000m\000e\000s\000p\000a\000c\000e\000\040\000R\000e\000f\000e\000r\000e\000n\000c\000e}{chapter.4}% 8
\BOOKMARK [1][-]{section.4.2}{\376\377\0004\000.\0002\000\040\000t\000r\000a\000b\000a\000l\000h\000o\000P\000O\000O\000\137\0002\0007\0009\0006\0007\000.\000S\000t\000o\000r\000e\000\040\000N\000a\000m\000e\000s\000p\000a\000c\000e\000\040\000R\000e\000f\000e\000r\000e\000n\000c\000e}{chapter.4}% 9
\BOOKMARK [0][-]{chapter.5}{\376\377\0005\000\040\000C\000l\000a\000s\000s\000\040\000D\000o\000c\000u\000m\000e\000n\000t\000a\000t\000i\000o\000n}{}% 10
\BOOKMARK [1][-]{section.5.1}{\376\377\0005\000.\0001\000\040\000t\000r\000a\000b\000a\000l\000h\000o\000P\000O\000O\000\137\0002\0007\0009\0006\0007\000.\000B\000e\000s\000t\000S\000a\000l\000e\000\040\000C\000l\000a\000s\000s\000\040\000R\000e\000f\000e\000r\000e\000n\000c\000e}{chapter.5}% 11
\BOOKMARK [2][-]{subsection.5.1.1}{\376\377\0005\000.\0001\000.\0001\000\040\000D\000e\000t\000a\000i\000l\000e\000d\000\040\000D\000e\000s\000c\000r\000i\000p\000t\000i\000o\000n}{section.5.1}% 12
\BOOKMARK [1][-]{section.5.2}{\376\377\0005\000.\0002\000\040\000t\000r\000a\000b\000a\000l\000h\000o\000P\000O\000O\000\137\0002\0007\0009\0006\0007\000.\000C\000a\000m\000p\000a\000i\000g\000n\000\040\000C\000l\000a\000s\000s\000\040\000R\000e\000f\000e\000r\000e\000n\000c\000e}{chapter.5}% 13
\BOOKMARK [2][-]{subsection.5.2.1}{\376\377\0005\000.\0002\000.\0001\000\040\000D\000e\000t\000a\000i\000l\000e\000d\000\040\000D\000e\000s\000c\000r\000i\000p\000t\000i\000o\000n}{section.5.2}% 14
\BOOKMARK [2][-]{subsection.5.2.2}{\376\377\0005\000.\0002\000.\0002\000\040\000C\000o\000n\000s\000t\000r\000u\000c\000t\000o\000r\000\040\000\046\000\040\000D\000e\000s\000t\000r\000u\000c\000t\000o\000r\000\040\000D\000o\000c\000u\000m\000e\000n\000t\000a\000t\000i\000o\000n}{section.5.2}% 15
\BOOKMARK [3][-]{subsubsection.5.2.2.1}{\376\377\0005\000.\0002\000.\0002\000.\0001\000\040\000C\000a\000m\000p\000a\000i\000g\000n\000\050\000\051\000\040\000[\0001\000/\0002\000]}{subsection.5.2.2}% 16
\BOOKMARK [3][-]{subsubsection.5.2.2.2}{\376\377\0005\000.\0002\000.\0002\000.\0002\000\040\000C\000a\000m\000p\000a\000i\000g\000n\000\050\000\051\000\040\000[\0002\000/\0002\000]}{subsection.5.2.2}% 17
\BOOKMARK [2][-]{subsection.5.2.3}{\376\377\0005\000.\0002\000.\0003\000\040\000M\000e\000m\000b\000e\000r\000\040\000F\000u\000n\000c\000t\000i\000o\000n\000\040\000D\000o\000c\000u\000m\000e\000n\000t\000a\000t\000i\000o\000n}{section.5.2}% 18
\BOOKMARK [3][-]{subsubsection.5.2.3.1}{\376\377\0005\000.\0002\000.\0003\000.\0001\000\040\000E\000q\000u\000a\000l\000s\000\050\000\051}{subsection.5.2.3}% 19
\BOOKMARK [3][-]{subsubsection.5.2.3.2}{\376\377\0005\000.\0002\000.\0003\000.\0002\000\040\000o\000p\000e\000r\000a\000t\000o\000r\000!\000=\000\050\000\051}{subsection.5.2.3}% 20
\BOOKMARK [3][-]{subsubsection.5.2.3.3}{\376\377\0005\000.\0002\000.\0003\000.\0003\000\040\000o\000p\000e\000r\000a\000t\000o\000r\000=\000=\000\050\000\051}{subsection.5.2.3}% 21
\BOOKMARK [3][-]{subsubsection.5.2.3.4}{\376\377\0005\000.\0002\000.\0003\000.\0004\000\040\000V\000e\000r\000i\000f\000y\000A\000p\000p\000l\000i\000c\000a\000b\000i\000l\000i\000t\000y\000\050\000\051}{subsection.5.2.3}% 22
\BOOKMARK [2][-]{subsection.5.2.4}{\376\377\0005\000.\0002\000.\0004\000\040\000P\000r\000o\000p\000e\000r\000t\000y\000\040\000D\000o\000c\000u\000m\000e\000n\000t\000a\000t\000i\000o\000n}{section.5.2}% 23
\BOOKMARK [3][-]{subsubsection.5.2.4.1}{\376\377\0005\000.\0002\000.\0004\000.\0001\000\040\000C\000a\000m\000p\000a\000i\000g\000n\000C\000o\000u\000n\000t}{subsection.5.2.4}% 24
\BOOKMARK [3][-]{subsubsection.5.2.4.2}{\376\377\0005\000.\0002\000.\0004\000.\0002\000\040\000D\000i\000s\000c\000o\000u\000n\000t}{subsection.5.2.4}% 25
\BOOKMARK [3][-]{subsubsection.5.2.4.3}{\376\377\0005\000.\0002\000.\0004\000.\0003\000\040\000E\000n\000d\000D\000a\000t\000e}{subsection.5.2.4}% 26
\BOOKMARK [3][-]{subsubsection.5.2.4.4}{\376\377\0005\000.\0002\000.\0004\000.\0004\000\040\000I\000d}{subsection.5.2.4}% 27
\BOOKMARK [3][-]{subsubsection.5.2.4.5}{\376\377\0005\000.\0002\000.\0004\000.\0005\000\040\000N\000a\000m\000e}{subsection.5.2.4}% 28
\BOOKMARK [3][-]{subsubsection.5.2.4.6}{\376\377\0005\000.\0002\000.\0004\000.\0006\000\040\000S\000t\000a\000r\000t\000D\000a\000t\000e}{subsection.5.2.4}% 29
\BOOKMARK [1][-]{section.5.3}{\376\377\0005\000.\0003\000\040\000t\000r\000a\000b\000a\000l\000h\000o\000P\000O\000O\000\137\0002\0007\0009\0006\0007\000.\000C\000a\000m\000p\000a\000i\000g\000n\000s\000\040\000C\000l\000a\000s\000s\000\040\000R\000e\000f\000e\000r\000e\000n\000c\000e}{chapter.5}% 30
\BOOKMARK [2][-]{subsection.5.3.1}{\376\377\0005\000.\0003\000.\0001\000\040\000D\000e\000t\000a\000i\000l\000e\000d\000\040\000D\000e\000s\000c\000r\000i\000p\000t\000i\000o\000n}{section.5.3}% 31
\BOOKMARK [2][-]{subsection.5.3.2}{\376\377\0005\000.\0003\000.\0002\000\040\000C\000o\000n\000s\000t\000r\000u\000c\000t\000o\000r\000\040\000\046\000\040\000D\000e\000s\000t\000r\000u\000c\000t\000o\000r\000\040\000D\000o\000c\000u\000m\000e\000n\000t\000a\000t\000i\000o\000n}{section.5.3}% 32
\BOOKMARK [3][-]{subsubsection.5.3.2.1}{\376\377\0005\000.\0003\000.\0002\000.\0001\000\040\000C\000a\000m\000p\000a\000i\000g\000n\000s\000\050\000\051\000\040\000[\0001\000/\0002\000]}{subsection.5.3.2}% 33
\BOOKMARK [3][-]{subsubsection.5.3.2.2}{\376\377\0005\000.\0003\000.\0002\000.\0002\000\040\000C\000a\000m\000p\000a\000i\000g\000n\000s\000\050\000\051\000\040\000[\0002\000/\0002\000]}{subsection.5.3.2}% 34
\BOOKMARK [2][-]{subsection.5.3.3}{\376\377\0005\000.\0003\000.\0003\000\040\000M\000e\000m\000b\000e\000r\000\040\000F\000u\000n\000c\000t\000i\000o\000n\000\040\000D\000o\000c\000u\000m\000e\000n\000t\000a\000t\000i\000o\000n}{section.5.3}% 35
\BOOKMARK [3][-]{subsubsection.5.3.3.1}{\376\377\0005\000.\0003\000.\0003\000.\0001\000\040\000A\000d\000d\000C\000a\000m\000p\000a\000i\000g\000n\000\050\000\051}{subsection.5.3.3}% 36
\BOOKMARK [3][-]{subsubsection.5.3.3.2}{\376\377\0005\000.\0003\000.\0003\000.\0002\000\040\000E\000x\000i\000s\000t\000C\000a\000m\000p\000a\000i\000g\000n\000\050\000\051}{subsection.5.3.3}% 37
\BOOKMARK [3][-]{subsubsection.5.3.3.3}{\376\377\0005\000.\0003\000.\0003\000.\0003\000\040\000R\000e\000m\000o\000v\000e\000C\000a\000m\000p\000a\000i\000g\000n\000\050\000\051}{subsection.5.3.3}% 38
\BOOKMARK [2][-]{subsection.5.3.4}{\376\377\0005\000.\0003\000.\0004\000\040\000P\000r\000o\000p\000e\000r\000t\000y\000\040\000D\000o\000c\000u\000m\000e\000n\000t\000a\000t\000i\000o\000n}{section.5.3}% 39
\BOOKMARK [3][-]{subsubsection.5.3.4.1}{\376\377\0005\000.\0003\000.\0004\000.\0001\000\040\000C\000a\000m\000p\000s}{subsection.5.3.4}% 40
\BOOKMARK [1][-]{section.5.4}{\376\377\0005\000.\0004\000\040\000t\000r\000a\000b\000a\000l\000h\000o\000P\000O\000O\000\137\0002\0007\0009\0006\0007\000.\000C\000a\000t\000e\000g\000o\000r\000i\000e\000s\000\040\000C\000l\000a\000s\000s\000\040\000R\000e\000f\000e\000r\000e\000n\000c\000e}{chapter.5}% 41
\BOOKMARK [2][-]{subsection.5.4.1}{\376\377\0005\000.\0004\000.\0001\000\040\000D\000e\000t\000a\000i\000l\000e\000d\000\040\000D\000e\000s\000c\000r\000i\000p\000t\000i\000o\000n}{section.5.4}% 42
\BOOKMARK [2][-]{subsection.5.4.2}{\376\377\0005\000.\0004\000.\0002\000\040\000C\000o\000n\000s\000t\000r\000u\000c\000t\000o\000r\000\040\000\046\000\040\000D\000e\000s\000t\000r\000u\000c\000t\000o\000r\000\040\000D\000o\000c\000u\000m\000e\000n\000t\000a\000t\000i\000o\000n}{section.5.4}% 43
\BOOKMARK [3][-]{subsubsection.5.4.2.1}{\376\377\0005\000.\0004\000.\0002\000.\0001\000\040\000C\000a\000t\000e\000g\000o\000r\000i\000e\000s\000\050\000\051\000\040\000[\0001\000/\0002\000]}{subsection.5.4.2}% 44
\BOOKMARK [3][-]{subsubsection.5.4.2.2}{\376\377\0005\000.\0004\000.\0002\000.\0002\000\040\000C\000a\000t\000e\000g\000o\000r\000i\000e\000s\000\050\000\051\000\040\000[\0002\000/\0002\000]}{subsection.5.4.2}% 45
\BOOKMARK [2][-]{subsection.5.4.3}{\376\377\0005\000.\0004\000.\0003\000\040\000M\000e\000m\000b\000e\000r\000\040\000F\000u\000n\000c\000t\000i\000o\000n\000\040\000D\000o\000c\000u\000m\000e\000n\000t\000a\000t\000i\000o\000n}{section.5.4}% 46
\BOOKMARK [3][-]{subsubsection.5.4.3.1}{\376\377\0005\000.\0004\000.\0003\000.\0001\000\040\000A\000d\000d\000C\000a\000t\000e\000g\000o\000r\000y\000\050\000\051}{subsection.5.4.3}% 47
\BOOKMARK [3][-]{subsubsection.5.4.3.2}{\376\377\0005\000.\0004\000.\0003\000.\0002\000\040\000E\000x\000i\000s\000t\000C\000a\000t\000e\000g\000o\000r\000y\000\050\000\051\000\040\000[\0001\000/\0002\000]}{subsection.5.4.3}% 48
\BOOKMARK [3][-]{subsubsection.5.4.3.3}{\376\377\0005\000.\0004\000.\0003\000.\0003\000\040\000E\000x\000i\000s\000t\000C\000a\000t\000e\000g\000o\000r\000y\000\050\000\051\000\040\000[\0002\000/\0002\000]}{subsection.5.4.3}% 49
\BOOKMARK [3][-]{subsubsection.5.4.3.4}{\376\377\0005\000.\0004\000.\0003\000.\0004\000\040\000R\000e\000m\000o\000v\000e\000C\000a\000t\000e\000g\000o\000r\000y\000\050\000\051}{subsection.5.4.3}% 50
\BOOKMARK [2][-]{subsection.5.4.4}{\376\377\0005\000.\0004\000.\0004\000\040\000P\000r\000o\000p\000e\000r\000t\000y\000\040\000D\000o\000c\000u\000m\000e\000n\000t\000a\000t\000i\000o\000n}{section.5.4}% 51
\BOOKMARK [3][-]{subsubsection.5.4.4.1}{\376\377\0005\000.\0004\000.\0004\000.\0001\000\040\000C\000a\000t\000s}{subsection.5.4.4}% 52
\BOOKMARK [1][-]{section.5.5}{\376\377\0005\000.\0005\000\040\000t\000r\000a\000b\000a\000l\000h\000o\000P\000O\000O\000\137\0002\0007\0009\0006\0007\000.\000C\000a\000t\000e\000g\000o\000r\000y\000\040\000C\000l\000a\000s\000s\000\040\000R\000e\000f\000e\000r\000e\000n\000c\000e}{chapter.5}% 53
\BOOKMARK [2][-]{subsection.5.5.1}{\376\377\0005\000.\0005\000.\0001\000\040\000D\000e\000t\000a\000i\000l\000e\000d\000\040\000D\000e\000s\000c\000r\000i\000p\000t\000i\000o\000n}{section.5.5}% 54
\BOOKMARK [2][-]{subsection.5.5.2}{\376\377\0005\000.\0005\000.\0002\000\040\000C\000o\000n\000s\000t\000r\000u\000c\000t\000o\000r\000\040\000\046\000\040\000D\000e\000s\000t\000r\000u\000c\000t\000o\000r\000\040\000D\000o\000c\000u\000m\000e\000n\000t\000a\000t\000i\000o\000n}{section.5.5}% 55
\BOOKMARK [3][-]{subsubsection.5.5.2.1}{\376\377\0005\000.\0005\000.\0002\000.\0001\000\040\000C\000a\000t\000e\000g\000o\000r\000y\000\050\000\051\000\040\000[\0001\000/\0002\000]}{subsection.5.5.2}% 56
\BOOKMARK [3][-]{subsubsection.5.5.2.2}{\376\377\0005\000.\0005\000.\0002\000.\0002\000\040\000C\000a\000t\000e\000g\000o\000r\000y\000\050\000\051\000\040\000[\0002\000/\0002\000]}{subsection.5.5.2}% 57
\BOOKMARK [2][-]{subsection.5.5.3}{\376\377\0005\000.\0005\000.\0003\000\040\000M\000e\000m\000b\000e\000r\000\040\000F\000u\000n\000c\000t\000i\000o\000n\000\040\000D\000o\000c\000u\000m\000e\000n\000t\000a\000t\000i\000o\000n}{section.5.5}% 58
\BOOKMARK [3][-]{subsubsection.5.5.3.1}{\376\377\0005\000.\0005\000.\0003\000.\0001\000\040\000E\000q\000u\000a\000l\000s\000\050\000\051}{subsection.5.5.3}% 59
\BOOKMARK [3][-]{subsubsection.5.5.3.2}{\376\377\0005\000.\0005\000.\0003\000.\0002\000\040\000o\000p\000e\000r\000a\000t\000o\000r\000!\000=\000\050\000\051}{subsection.5.5.3}% 60
\BOOKMARK [3][-]{subsubsection.5.5.3.3}{\376\377\0005\000.\0005\000.\0003\000.\0003\000\040\000o\000p\000e\000r\000a\000t\000o\000r\000=\000=\000\050\000\051}{subsection.5.5.3}% 61
\BOOKMARK [2][-]{subsection.5.5.4}{\376\377\0005\000.\0005\000.\0004\000\040\000P\000r\000o\000p\000e\000r\000t\000y\000\040\000D\000o\000c\000u\000m\000e\000n\000t\000a\000t\000i\000o\000n}{section.5.5}% 62
\BOOKMARK [3][-]{subsubsection.5.5.4.1}{\376\377\0005\000.\0005\000.\0004\000.\0001\000\040\000I\000d}{subsection.5.5.4}% 63
\BOOKMARK [3][-]{subsubsection.5.5.4.2}{\376\377\0005\000.\0005\000.\0004\000.\0002\000\040\000N\000a\000m\000e}{subsection.5.5.4}% 64
\BOOKMARK [1][-]{section.5.6}{\376\377\0005\000.\0006\000\040\000t\000r\000a\000b\000a\000l\000h\000o\000P\000O\000O\000\137\0002\0007\0009\0006\0007\000.\000C\000l\000i\000e\000n\000t\000\040\000C\000l\000a\000s\000s\000\040\000R\000e\000f\000e\000r\000e\000n\000c\000e}{chapter.5}% 65
\BOOKMARK [2][-]{subsection.5.6.1}{\376\377\0005\000.\0006\000.\0001\000\040\000D\000e\000t\000a\000i\000l\000e\000d\000\040\000D\000e\000s\000c\000r\000i\000p\000t\000i\000o\000n}{section.5.6}% 66
\BOOKMARK [2][-]{subsection.5.6.2}{\376\377\0005\000.\0006\000.\0002\000\040\000C\000o\000n\000s\000t\000r\000u\000c\000t\000o\000r\000\040\000\046\000\040\000D\000e\000s\000t\000r\000u\000c\000t\000o\000r\000\040\000D\000o\000c\000u\000m\000e\000n\000t\000a\000t\000i\000o\000n}{section.5.6}% 67
\BOOKMARK [3][-]{subsubsection.5.6.2.1}{\376\377\0005\000.\0006\000.\0002\000.\0001\000\040\000C\000l\000i\000e\000n\000t\000\050\000\051\000\040\000[\0001\000/\0002\000]}{subsection.5.6.2}% 68
\BOOKMARK [3][-]{subsubsection.5.6.2.2}{\376\377\0005\000.\0006\000.\0002\000.\0002\000\040\000C\000l\000i\000e\000n\000t\000\050\000\051\000\040\000[\0002\000/\0002\000]}{subsection.5.6.2}% 69
\BOOKMARK [2][-]{subsection.5.6.3}{\376\377\0005\000.\0006\000.\0003\000\040\000M\000e\000m\000b\000e\000r\000\040\000F\000u\000n\000c\000t\000i\000o\000n\000\040\000D\000o\000c\000u\000m\000e\000n\000t\000a\000t\000i\000o\000n}{section.5.6}% 70
\BOOKMARK [3][-]{subsubsection.5.6.3.1}{\376\377\0005\000.\0006\000.\0003\000.\0001\000\040\000E\000q\000u\000a\000l\000s\000\050\000\051}{subsection.5.6.3}% 71
\BOOKMARK [3][-]{subsubsection.5.6.3.2}{\376\377\0005\000.\0006\000.\0003\000.\0002\000\040\000o\000p\000e\000r\000a\000t\000o\000r\000!\000=\000\050\000\051}{subsection.5.6.3}% 72
\BOOKMARK [3][-]{subsubsection.5.6.3.3}{\376\377\0005\000.\0006\000.\0003\000.\0003\000\040\000o\000p\000e\000r\000a\000t\000o\000r\000=\000=\000\050\000\051}{subsection.5.6.3}% 73
\BOOKMARK [3][-]{subsubsection.5.6.3.4}{\376\377\0005\000.\0006\000.\0003\000.\0004\000\040\000T\000o\000S\000t\000r\000i\000n\000g\000\050\000\051}{subsection.5.6.3}% 74
\BOOKMARK [2][-]{subsection.5.6.4}{\376\377\0005\000.\0006\000.\0004\000\040\000P\000r\000o\000p\000e\000r\000t\000y\000\040\000D\000o\000c\000u\000m\000e\000n\000t\000a\000t\000i\000o\000n}{section.5.6}% 75
\BOOKMARK [3][-]{subsubsection.5.6.4.1}{\376\377\0005\000.\0006\000.\0004\000.\0001\000\040\000C\000l\000i\000e\000n\000t\000C\000o\000u\000n\000t}{subsection.5.6.4}% 76
\BOOKMARK [3][-]{subsubsection.5.6.4.2}{\376\377\0005\000.\0006\000.\0004\000.\0002\000\040\000C\000l\000i\000e\000n\000t\000I\000D}{subsection.5.6.4}% 77
\BOOKMARK [3][-]{subsubsection.5.6.4.3}{\376\377\0005\000.\0006\000.\0004\000.\0003\000\040\000C\000o\000n\000t\000a\000c\000t}{subsection.5.6.4}% 78
\BOOKMARK [3][-]{subsubsection.5.6.4.4}{\376\377\0005\000.\0006\000.\0004\000.\0004\000\040\000N\000a\000m\000e}{subsection.5.6.4}% 79
\BOOKMARK [1][-]{section.5.7}{\376\377\0005\000.\0007\000\040\000t\000r\000a\000b\000a\000l\000h\000o\000P\000O\000O\000\137\0002\0007\0009\0006\0007\000.\000C\000l\000i\000e\000n\000t\000s\000\040\000C\000l\000a\000s\000s\000\040\000R\000e\000f\000e\000r\000e\000n\000c\000e}{chapter.5}% 80
\BOOKMARK [2][-]{subsection.5.7.1}{\376\377\0005\000.\0007\000.\0001\000\040\000D\000e\000t\000a\000i\000l\000e\000d\000\040\000D\000e\000s\000c\000r\000i\000p\000t\000i\000o\000n}{section.5.7}% 81
\BOOKMARK [2][-]{subsection.5.7.2}{\376\377\0005\000.\0007\000.\0002\000\040\000C\000o\000n\000s\000t\000r\000u\000c\000t\000o\000r\000\040\000\046\000\040\000D\000e\000s\000t\000r\000u\000c\000t\000o\000r\000\040\000D\000o\000c\000u\000m\000e\000n\000t\000a\000t\000i\000o\000n}{section.5.7}% 82
\BOOKMARK [3][-]{subsubsection.5.7.2.1}{\376\377\0005\000.\0007\000.\0002\000.\0001\000\040\000C\000l\000i\000e\000n\000t\000s\000\050\000\051}{subsection.5.7.2}% 83
\BOOKMARK [2][-]{subsection.5.7.3}{\376\377\0005\000.\0007\000.\0003\000\040\000M\000e\000m\000b\000e\000r\000\040\000F\000u\000n\000c\000t\000i\000o\000n\000\040\000D\000o\000c\000u\000m\000e\000n\000t\000a\000t\000i\000o\000n}{section.5.7}% 84
\BOOKMARK [3][-]{subsubsection.5.7.3.1}{\376\377\0005\000.\0007\000.\0003\000.\0001\000\040\000A\000d\000d\000C\000l\000i\000e\000n\000t\000\050\000\051}{subsection.5.7.3}% 85
\BOOKMARK [3][-]{subsubsection.5.7.3.2}{\376\377\0005\000.\0007\000.\0003\000.\0002\000\040\000E\000x\000i\000s\000t\000C\000l\000i\000e\000n\000t\000\050\000\051}{subsection.5.7.3}% 86
\BOOKMARK [3][-]{subsubsection.5.7.3.3}{\376\377\0005\000.\0007\000.\0003\000.\0003\000\040\000G\000e\000t\000C\000l\000i\000e\000n\000t\000\050\000\051}{subsection.5.7.3}% 87
\BOOKMARK [3][-]{subsubsection.5.7.3.4}{\376\377\0005\000.\0007\000.\0003\000.\0004\000\040\000R\000e\000m\000o\000v\000e\000C\000l\000i\000e\000n\000t\000\050\000\051}{subsection.5.7.3}% 88
\BOOKMARK [2][-]{subsection.5.7.4}{\376\377\0005\000.\0007\000.\0004\000\040\000P\000r\000o\000p\000e\000r\000t\000y\000\040\000D\000o\000c\000u\000m\000e\000n\000t\000a\000t\000i\000o\000n}{section.5.7}% 89
\BOOKMARK [3][-]{subsubsection.5.7.4.1}{\376\377\0005\000.\0007\000.\0004\000.\0001\000\040\000C\000l\000i\000e\000n\000t\000L\000i\000s\000t}{subsection.5.7.4}% 90
\BOOKMARK [1][-]{section.5.8}{\376\377\0005\000.\0008\000\040\000t\000r\000a\000b\000a\000l\000h\000o\000P\000O\000O\000\137\0002\0007\0009\0006\0007\000.\000M\000a\000k\000e\000\040\000C\000l\000a\000s\000s\000\040\000R\000e\000f\000e\000r\000e\000n\000c\000e}{chapter.5}% 91
\BOOKMARK [2][-]{subsection.5.8.1}{\376\377\0005\000.\0008\000.\0001\000\040\000D\000e\000t\000a\000i\000l\000e\000d\000\040\000D\000e\000s\000c\000r\000i\000p\000t\000i\000o\000n}{section.5.8}% 92
\BOOKMARK [2][-]{subsection.5.8.2}{\376\377\0005\000.\0008\000.\0002\000\040\000C\000o\000n\000s\000t\000r\000u\000c\000t\000o\000r\000\040\000\046\000\040\000D\000e\000s\000t\000r\000u\000c\000t\000o\000r\000\040\000D\000o\000c\000u\000m\000e\000n\000t\000a\000t\000i\000o\000n}{section.5.8}% 93
\BOOKMARK [3][-]{subsubsection.5.8.2.1}{\376\377\0005\000.\0008\000.\0002\000.\0001\000\040\000M\000a\000k\000e\000\050\000\051\000\040\000[\0001\000/\0002\000]}{subsection.5.8.2}% 94
\BOOKMARK [3][-]{subsubsection.5.8.2.2}{\376\377\0005\000.\0008\000.\0002\000.\0002\000\040\000M\000a\000k\000e\000\050\000\051\000\040\000[\0002\000/\0002\000]}{subsection.5.8.2}% 95
\BOOKMARK [2][-]{subsection.5.8.3}{\376\377\0005\000.\0008\000.\0003\000\040\000M\000e\000m\000b\000e\000r\000\040\000F\000u\000n\000c\000t\000i\000o\000n\000\040\000D\000o\000c\000u\000m\000e\000n\000t\000a\000t\000i\000o\000n}{section.5.8}% 96
\BOOKMARK [3][-]{subsubsection.5.8.3.1}{\376\377\0005\000.\0008\000.\0003\000.\0001\000\040\000E\000q\000u\000a\000l\000s\000\050\000\051}{subsection.5.8.3}% 97
\BOOKMARK [3][-]{subsubsection.5.8.3.2}{\376\377\0005\000.\0008\000.\0003\000.\0002\000\040\000o\000p\000e\000r\000a\000t\000o\000r\000!\000=\000\050\000\051}{subsection.5.8.3}% 98
\BOOKMARK [3][-]{subsubsection.5.8.3.3}{\376\377\0005\000.\0008\000.\0003\000.\0003\000\040\000o\000p\000e\000r\000a\000t\000o\000r\000=\000=\000\050\000\051}{subsection.5.8.3}% 99
\BOOKMARK [3][-]{subsubsection.5.8.3.4}{\376\377\0005\000.\0008\000.\0003\000.\0004\000\040\000T\000o\000S\000t\000r\000i\000n\000g\000\050\000\051}{subsection.5.8.3}% 100
\BOOKMARK [2][-]{subsection.5.8.4}{\376\377\0005\000.\0008\000.\0004\000\040\000P\000r\000o\000p\000e\000r\000t\000y\000\040\000D\000o\000c\000u\000m\000e\000n\000t\000a\000t\000i\000o\000n}{section.5.8}% 101
\BOOKMARK [3][-]{subsubsection.5.8.4.1}{\376\377\0005\000.\0008\000.\0004\000.\0001\000\040\000I\000D}{subsection.5.8.4}% 102
\BOOKMARK [3][-]{subsubsection.5.8.4.2}{\376\377\0005\000.\0008\000.\0004\000.\0002\000\040\000N\000a\000m\000e}{subsection.5.8.4}% 103
\BOOKMARK [1][-]{section.5.9}{\376\377\0005\000.\0009\000\040\000t\000r\000a\000b\000a\000l\000h\000o\000P\000O\000O\000\137\0002\0007\0009\0006\0007\000.\000M\000a\000k\000e\000s\000\040\000C\000l\000a\000s\000s\000\040\000R\000e\000f\000e\000r\000e\000n\000c\000e}{chapter.5}% 104
\BOOKMARK [2][-]{subsection.5.9.1}{\376\377\0005\000.\0009\000.\0001\000\040\000D\000e\000t\000a\000i\000l\000e\000d\000\040\000D\000e\000s\000c\000r\000i\000p\000t\000i\000o\000n}{section.5.9}% 105
\BOOKMARK [2][-]{subsection.5.9.2}{\376\377\0005\000.\0009\000.\0002\000\040\000C\000o\000n\000s\000t\000r\000u\000c\000t\000o\000r\000\040\000\046\000\040\000D\000e\000s\000t\000r\000u\000c\000t\000o\000r\000\040\000D\000o\000c\000u\000m\000e\000n\000t\000a\000t\000i\000o\000n}{section.5.9}% 106
\BOOKMARK [3][-]{subsubsection.5.9.2.1}{\376\377\0005\000.\0009\000.\0002\000.\0001\000\040\000M\000a\000k\000e\000s\000\050\000\051\000\040\000[\0001\000/\0002\000]}{subsection.5.9.2}% 107
\BOOKMARK [3][-]{subsubsection.5.9.2.2}{\376\377\0005\000.\0009\000.\0002\000.\0002\000\040\000M\000a\000k\000e\000s\000\050\000\051\000\040\000[\0002\000/\0002\000]}{subsection.5.9.2}% 108
\BOOKMARK [2][-]{subsection.5.9.3}{\376\377\0005\000.\0009\000.\0003\000\040\000M\000e\000m\000b\000e\000r\000\040\000F\000u\000n\000c\000t\000i\000o\000n\000\040\000D\000o\000c\000u\000m\000e\000n\000t\000a\000t\000i\000o\000n}{section.5.9}% 109
\BOOKMARK [3][-]{subsubsection.5.9.3.1}{\376\377\0005\000.\0009\000.\0003\000.\0001\000\040\000A\000d\000d\000M\000a\000k\000e\000\050\000\051}{subsection.5.9.3}% 110
\BOOKMARK [3][-]{subsubsection.5.9.3.2}{\376\377\0005\000.\0009\000.\0003\000.\0002\000\040\000E\000x\000i\000s\000t\000M\000a\000k\000e\000\050\000\051\000\040\000[\0001\000/\0002\000]}{subsection.5.9.3}% 111
\BOOKMARK [3][-]{subsubsection.5.9.3.3}{\376\377\0005\000.\0009\000.\0003\000.\0003\000\040\000E\000x\000i\000s\000t\000M\000a\000k\000e\000\050\000\051\000\040\000[\0002\000/\0002\000]}{subsection.5.9.3}% 112
\BOOKMARK [3][-]{subsubsection.5.9.3.4}{\376\377\0005\000.\0009\000.\0003\000.\0004\000\040\000R\000e\000m\000o\000v\000e\000M\000a\000k\000e\000\050\000\051}{subsection.5.9.3}% 113
\BOOKMARK [2][-]{subsection.5.9.4}{\376\377\0005\000.\0009\000.\0004\000\040\000P\000r\000o\000p\000e\000r\000t\000y\000\040\000D\000o\000c\000u\000m\000e\000n\000t\000a\000t\000i\000o\000n}{section.5.9}% 114
\BOOKMARK [3][-]{subsubsection.5.9.4.1}{\376\377\0005\000.\0009\000.\0004\000.\0001\000\040\000M\000a\000k\000e\000L\000i\000s\000t}{subsection.5.9.4}% 115
\BOOKMARK [1][-]{section.5.10}{\376\377\0005\000.\0001\0000\000\040\000t\000r\000a\000b\000a\000l\000h\000o\000P\000O\000O\000\137\0002\0007\0009\0006\0007\000.\000P\000r\000o\000d\000u\000c\000t\000\040\000C\000l\000a\000s\000s\000\040\000R\000e\000f\000e\000r\000e\000n\000c\000e}{chapter.5}% 116
\BOOKMARK [2][-]{subsection.5.10.1}{\376\377\0005\000.\0001\0000\000.\0001\000\040\000D\000e\000t\000a\000i\000l\000e\000d\000\040\000D\000e\000s\000c\000r\000i\000p\000t\000i\000o\000n}{section.5.10}% 117
\BOOKMARK [2][-]{subsection.5.10.2}{\376\377\0005\000.\0001\0000\000.\0002\000\040\000C\000o\000n\000s\000t\000r\000u\000c\000t\000o\000r\000\040\000\046\000\040\000D\000e\000s\000t\000r\000u\000c\000t\000o\000r\000\040\000D\000o\000c\000u\000m\000e\000n\000t\000a\000t\000i\000o\000n}{section.5.10}% 118
\BOOKMARK [3][-]{subsubsection.5.10.2.1}{\376\377\0005\000.\0001\0000\000.\0002\000.\0001\000\040\000P\000r\000o\000d\000u\000c\000t\000\050\000\051\000\040\000[\0001\000/\0002\000]}{subsection.5.10.2}% 119
\BOOKMARK [3][-]{subsubsection.5.10.2.2}{\376\377\0005\000.\0001\0000\000.\0002\000.\0002\000\040\000P\000r\000o\000d\000u\000c\000t\000\050\000\051\000\040\000[\0002\000/\0002\000]}{subsection.5.10.2}% 120
\BOOKMARK [2][-]{subsection.5.10.3}{\376\377\0005\000.\0001\0000\000.\0003\000\040\000M\000e\000m\000b\000e\000r\000\040\000F\000u\000n\000c\000t\000i\000o\000n\000\040\000D\000o\000c\000u\000m\000e\000n\000t\000a\000t\000i\000o\000n}{section.5.10}% 121
\BOOKMARK [3][-]{subsubsection.5.10.3.1}{\376\377\0005\000.\0001\0000\000.\0003\000.\0001\000\040\000E\000q\000u\000a\000l\000s\000\050\000\051}{subsection.5.10.3}% 122
\BOOKMARK [3][-]{subsubsection.5.10.3.2}{\376\377\0005\000.\0001\0000\000.\0003\000.\0002\000\040\000o\000p\000e\000r\000a\000t\000o\000r\000!\000=\000\050\000\051}{subsection.5.10.3}% 123
\BOOKMARK [3][-]{subsubsection.5.10.3.3}{\376\377\0005\000.\0001\0000\000.\0003\000.\0003\000\040\000o\000p\000e\000r\000a\000t\000o\000r\000=\000=\000\050\000\051}{subsection.5.10.3}% 124
\BOOKMARK [3][-]{subsubsection.5.10.3.4}{\376\377\0005\000.\0001\0000\000.\0003\000.\0004\000\040\000T\000o\000S\000t\000r\000i\000n\000g\000\050\000\051}{subsection.5.10.3}% 125
\BOOKMARK [2][-]{subsection.5.10.4}{\376\377\0005\000.\0001\0000\000.\0004\000\040\000P\000r\000o\000p\000e\000r\000t\000y\000\040\000D\000o\000c\000u\000m\000e\000n\000t\000a\000t\000i\000o\000n}{section.5.10}% 126
\BOOKMARK [3][-]{subsubsection.5.10.4.1}{\376\377\0005\000.\0001\0000\000.\0004\000.\0001\000\040\000C\000a\000t\000e\000g\000o\000r\000y}{subsection.5.10.4}% 127
\BOOKMARK [3][-]{subsubsection.5.10.4.2}{\376\377\0005\000.\0001\0000\000.\0004\000.\0002\000\040\000M\000a\000k\000e}{subsection.5.10.4}% 128
\BOOKMARK [3][-]{subsubsection.5.10.4.3}{\376\377\0005\000.\0001\0000\000.\0004\000.\0003\000\040\000P\000r\000i\000c\000e}{subsection.5.10.4}% 129
\BOOKMARK [3][-]{subsubsection.5.10.4.4}{\376\377\0005\000.\0001\0000\000.\0004\000.\0004\000\040\000R\000e\000f\000e\000r\000e\000n\000c\000e}{subsection.5.10.4}% 130
\BOOKMARK [3][-]{subsubsection.5.10.4.5}{\376\377\0005\000.\0001\0000\000.\0004\000.\0005\000\040\000S\000t\000o\000c\000k}{subsection.5.10.4}% 131
\BOOKMARK [3][-]{subsubsection.5.10.4.6}{\376\377\0005\000.\0001\0000\000.\0004\000.\0006\000\040\000W\000a\000r\000r\000a\000n\000t\000y}{subsection.5.10.4}% 132
\BOOKMARK [1][-]{section.5.11}{\376\377\0005\000.\0001\0001\000\040\000t\000r\000a\000b\000a\000l\000h\000o\000P\000O\000O\000\137\0002\0007\0009\0006\0007\000.\000P\000r\000o\000d\000u\000c\000t\000s\000\040\000C\000l\000a\000s\000s\000\040\000R\000e\000f\000e\000r\000e\000n\000c\000e}{chapter.5}% 133
\BOOKMARK [2][-]{subsection.5.11.1}{\376\377\0005\000.\0001\0001\000.\0001\000\040\000D\000e\000t\000a\000i\000l\000e\000d\000\040\000D\000e\000s\000c\000r\000i\000p\000t\000i\000o\000n}{section.5.11}% 134
\BOOKMARK [2][-]{subsection.5.11.2}{\376\377\0005\000.\0001\0001\000.\0002\000\040\000C\000o\000n\000s\000t\000r\000u\000c\000t\000o\000r\000\040\000\046\000\040\000D\000e\000s\000t\000r\000u\000c\000t\000o\000r\000\040\000D\000o\000c\000u\000m\000e\000n\000t\000a\000t\000i\000o\000n}{section.5.11}% 135
\BOOKMARK [3][-]{subsubsection.5.11.2.1}{\376\377\0005\000.\0001\0001\000.\0002\000.\0001\000\040\000P\000r\000o\000d\000u\000c\000t\000s\000\050\000\051\000\040\000[\0001\000/\0002\000]}{subsection.5.11.2}% 136
\BOOKMARK [3][-]{subsubsection.5.11.2.2}{\376\377\0005\000.\0001\0001\000.\0002\000.\0002\000\040\000P\000r\000o\000d\000u\000c\000t\000s\000\050\000\051\000\040\000[\0002\000/\0002\000]}{subsection.5.11.2}% 137
\BOOKMARK [2][-]{subsection.5.11.3}{\376\377\0005\000.\0001\0001\000.\0003\000\040\000M\000e\000m\000b\000e\000r\000\040\000F\000u\000n\000c\000t\000i\000o\000n\000\040\000D\000o\000c\000u\000m\000e\000n\000t\000a\000t\000i\000o\000n}{section.5.11}% 138
\BOOKMARK [3][-]{subsubsection.5.11.3.1}{\376\377\0005\000.\0001\0001\000.\0003\000.\0001\000\040\000E\000x\000i\000s\000t\000P\000r\000o\000d\000u\000c\000t\000\050\000\051}{subsection.5.11.3}% 139
\BOOKMARK [3][-]{subsubsection.5.11.3.2}{\376\377\0005\000.\0001\0001\000.\0003\000.\0002\000\040\000I\000n\000s\000e\000r\000t\000P\000r\000o\000d\000u\000c\000t\000\050\000\051}{subsection.5.11.3}% 140
\BOOKMARK [3][-]{subsubsection.5.11.3.3}{\376\377\0005\000.\0001\0001\000.\0003\000.\0003\000\040\000R\000e\000m\000o\000v\000e\000P\000r\000o\000d\000u\000c\000t\000\050\000\051}{subsection.5.11.3}% 141
\BOOKMARK [3][-]{subsubsection.5.11.3.4}{\376\377\0005\000.\0001\0001\000.\0003\000.\0004\000\040\000S\000e\000a\000r\000c\000h\000P\000r\000o\000d\000u\000c\000t\000\050\000\051}{subsection.5.11.3}% 142
\BOOKMARK [3][-]{subsubsection.5.11.3.5}{\376\377\0005\000.\0001\0001\000.\0003\000.\0005\000\040\000T\000o\000S\000t\000r\000i\000n\000g\000\050\000\051}{subsection.5.11.3}% 143
\BOOKMARK [3][-]{subsubsection.5.11.3.6}{\376\377\0005\000.\0001\0001\000.\0003\000.\0006\000\040\000T\000o\000t\000a\000l\000P\000r\000i\000c\000e\000\050\000\051}{subsection.5.11.3}% 144
\BOOKMARK [3][-]{subsubsection.5.11.3.7}{\376\377\0005\000.\0001\0001\000.\0003\000.\0007\000\040\000V\000a\000l\000u\000e\000I\000n\000P\000o\000s\000i\000t\000i\000o\000n\000\050\000\051}{subsection.5.11.3}% 145
\BOOKMARK [3][-]{subsubsection.5.11.3.8}{\376\377\0005\000.\0001\0001\000.\0003\000.\0008\000\040\000W\000a\000r\000r\000a\000t\000y\000E\000x\000p\000i\000r\000a\000t\000i\000o\000n\000D\000a\000t\000e\000F\000o\000r\000P\000r\000o\000d\000u\000c\000t\000\050\000\051}{subsection.5.11.3}% 146
\BOOKMARK [2][-]{subsection.5.11.4}{\376\377\0005\000.\0001\0001\000.\0004\000\040\000P\000r\000o\000p\000e\000r\000t\000y\000\040\000D\000o\000c\000u\000m\000e\000n\000t\000a\000t\000i\000o\000n}{section.5.11}% 147
\BOOKMARK [3][-]{subsubsection.5.11.4.1}{\376\377\0005\000.\0001\0001\000.\0004\000.\0001\000\040\000P\000r\000o\000d\000s}{subsection.5.11.4}% 148
\BOOKMARK [1][-]{section.5.12}{\376\377\0005\000.\0001\0002\000\040\000t\000r\000a\000b\000a\000l\000h\000o\000P\000O\000O\000\137\0002\0007\0009\0006\0007\000.\000S\000a\000l\000e\000\040\000C\000l\000a\000s\000s\000\040\000R\000e\000f\000e\000r\000e\000n\000c\000e}{chapter.5}% 149
\BOOKMARK [2][-]{subsection.5.12.1}{\376\377\0005\000.\0001\0002\000.\0001\000\040\000D\000e\000t\000a\000i\000l\000e\000d\000\040\000D\000e\000s\000c\000r\000i\000p\000t\000i\000o\000n}{section.5.12}% 150
\BOOKMARK [2][-]{subsection.5.12.2}{\376\377\0005\000.\0001\0002\000.\0002\000\040\000C\000o\000n\000s\000t\000r\000u\000c\000t\000o\000r\000\040\000\046\000\040\000D\000e\000s\000t\000r\000u\000c\000t\000o\000r\000\040\000D\000o\000c\000u\000m\000e\000n\000t\000a\000t\000i\000o\000n}{section.5.12}% 151
\BOOKMARK [3][-]{subsubsection.5.12.2.1}{\376\377\0005\000.\0001\0002\000.\0002\000.\0001\000\040\000S\000a\000l\000e\000\050\000\051\000\040\000[\0001\000/\0002\000]}{subsection.5.12.2}% 152
\BOOKMARK [3][-]{subsubsection.5.12.2.2}{\376\377\0005\000.\0001\0002\000.\0002\000.\0002\000\040\000S\000a\000l\000e\000\050\000\051\000\040\000[\0002\000/\0002\000]}{subsection.5.12.2}% 153
\BOOKMARK [2][-]{subsection.5.12.3}{\376\377\0005\000.\0001\0002\000.\0003\000\040\000M\000e\000m\000b\000e\000r\000\040\000F\000u\000n\000c\000t\000i\000o\000n\000\040\000D\000o\000c\000u\000m\000e\000n\000t\000a\000t\000i\000o\000n}{section.5.12}% 154
\BOOKMARK [3][-]{subsubsection.5.12.3.1}{\376\377\0005\000.\0001\0002\000.\0003\000.\0001\000\040\000E\000q\000u\000a\000l\000s\000\050\000\051}{subsection.5.12.3}% 155
\BOOKMARK [3][-]{subsubsection.5.12.3.2}{\376\377\0005\000.\0001\0002\000.\0003\000.\0002\000\040\000E\000x\000i\000s\000t\000P\000r\000o\000d\000u\000c\000t\000O\000n\000S\000a\000l\000e\000\050\000\051}{subsection.5.12.3}% 156
\BOOKMARK [3][-]{subsubsection.5.12.3.3}{\376\377\0005\000.\0001\0002\000.\0003\000.\0003\000\040\000I\000n\000s\000e\000r\000t\000P\000r\000o\000d\000u\000c\000t\000O\000n\000S\000a\000l\000e\000\050\000\051}{subsection.5.12.3}% 157
\BOOKMARK [3][-]{subsubsection.5.12.3.4}{\376\377\0005\000.\0001\0002\000.\0003\000.\0004\000\040\000o\000p\000e\000r\000a\000t\000o\000r\000!\000=\000\050\000\051}{subsection.5.12.3}% 158
\BOOKMARK [3][-]{subsubsection.5.12.3.5}{\376\377\0005\000.\0001\0002\000.\0003\000.\0005\000\040\000o\000p\000e\000r\000a\000t\000o\000r\000=\000=\000\050\000\051}{subsection.5.12.3}% 159
\BOOKMARK [3][-]{subsubsection.5.12.3.6}{\376\377\0005\000.\0001\0002\000.\0003\000.\0006\000\040\000R\000e\000m\000o\000v\000e\000P\000r\000o\000d\000u\000c\000t\000F\000r\000o\000m\000S\000a\000l\000e\000\050\000\051}{subsection.5.12.3}% 160
\BOOKMARK [3][-]{subsubsection.5.12.3.7}{\376\377\0005\000.\0001\0002\000.\0003\000.\0007\000\040\000T\000o\000S\000t\000r\000i\000n\000g\000\050\000\051}{subsection.5.12.3}% 161
\BOOKMARK [3][-]{subsubsection.5.12.3.8}{\376\377\0005\000.\0001\0002\000.\0003\000.\0008\000\040\000T\000o\000t\000a\000l\000P\000r\000i\000c\000e\000\050\000\051}{subsection.5.12.3}% 162
\BOOKMARK [3][-]{subsubsection.5.12.3.9}{\376\377\0005\000.\0001\0002\000.\0003\000.\0009\000\040\000W\000a\000r\000r\000a\000n\000t\000y\000E\000x\000p\000i\000r\000a\000t\000i\000o\000n\000D\000a\000t\000e\000\050\000\051}{subsection.5.12.3}% 163
\BOOKMARK [2][-]{subsection.5.12.4}{\376\377\0005\000.\0001\0002\000.\0004\000\040\000P\000r\000o\000p\000e\000r\000t\000y\000\040\000D\000o\000c\000u\000m\000e\000n\000t\000a\000t\000i\000o\000n}{section.5.12}% 164
\BOOKMARK [3][-]{subsubsection.5.12.4.1}{\376\377\0005\000.\0001\0002\000.\0004\000.\0001\000\040\000C\000a\000m\000p\000a\000i\000g\000n\000s}{subsection.5.12.4}% 165
\BOOKMARK [3][-]{subsubsection.5.12.4.2}{\376\377\0005\000.\0001\0002\000.\0004\000.\0002\000\040\000C\000l\000i\000e\000n\000t}{subsection.5.12.4}% 166
\BOOKMARK [3][-]{subsubsection.5.12.4.3}{\376\377\0005\000.\0001\0002\000.\0004\000.\0003\000\040\000I\000d}{subsection.5.12.4}% 167
\BOOKMARK [3][-]{subsubsection.5.12.4.4}{\376\377\0005\000.\0001\0002\000.\0004\000.\0004\000\040\000P\000r\000o\000d\000u\000c\000t\000s}{subsection.5.12.4}% 168
\BOOKMARK [3][-]{subsubsection.5.12.4.5}{\376\377\0005\000.\0001\0002\000.\0004\000.\0005\000\040\000S\000a\000l\000e\000D\000a\000t\000e}{subsection.5.12.4}% 169
\BOOKMARK [3][-]{subsubsection.5.12.4.6}{\376\377\0005\000.\0001\0002\000.\0004\000.\0006\000\040\000T\000o\000t\000P\000r\000i\000c\000e}{subsection.5.12.4}% 170
\BOOKMARK [1][-]{section.5.13}{\376\377\0005\000.\0001\0003\000\040\000t\000r\000a\000b\000a\000l\000h\000o\000P\000O\000O\000\137\0002\0007\0009\0006\0007\000.\000S\000a\000l\000e\000s\000\040\000C\000l\000a\000s\000s\000\040\000R\000e\000f\000e\000r\000e\000n\000c\000e}{chapter.5}% 171
\BOOKMARK [2][-]{subsection.5.13.1}{\376\377\0005\000.\0001\0003\000.\0001\000\040\000D\000e\000t\000a\000i\000l\000e\000d\000\040\000D\000e\000s\000c\000r\000i\000p\000t\000i\000o\000n}{section.5.13}% 172
\BOOKMARK [2][-]{subsection.5.13.2}{\376\377\0005\000.\0001\0003\000.\0002\000\040\000C\000o\000n\000s\000t\000r\000u\000c\000t\000o\000r\000\040\000\046\000\040\000D\000e\000s\000t\000r\000u\000c\000t\000o\000r\000\040\000D\000o\000c\000u\000m\000e\000n\000t\000a\000t\000i\000o\000n}{section.5.13}% 173
\BOOKMARK [3][-]{subsubsection.5.13.2.1}{\376\377\0005\000.\0001\0003\000.\0002\000.\0001\000\040\000S\000a\000l\000e\000s\000\050\000\051\000\040\000[\0001\000/\0002\000]}{subsection.5.13.2}% 174
\BOOKMARK [3][-]{subsubsection.5.13.2.2}{\376\377\0005\000.\0001\0003\000.\0002\000.\0002\000\040\000S\000a\000l\000e\000s\000\050\000\051\000\040\000[\0002\000/\0002\000]}{subsection.5.13.2}% 175
\BOOKMARK [2][-]{subsection.5.13.3}{\376\377\0005\000.\0001\0003\000.\0003\000\040\000M\000e\000m\000b\000e\000r\000\040\000F\000u\000n\000c\000t\000i\000o\000n\000\040\000D\000o\000c\000u\000m\000e\000n\000t\000a\000t\000i\000o\000n}{section.5.13}% 176
\BOOKMARK [3][-]{subsubsection.5.13.3.1}{\376\377\0005\000.\0001\0003\000.\0003\000.\0001\000\040\000A\000d\000d\000S\000a\000l\000e\000\050\000\051}{subsection.5.13.3}% 177
\BOOKMARK [3][-]{subsubsection.5.13.3.2}{\376\377\0005\000.\0001\0003\000.\0003\000.\0002\000\040\000G\000e\000t\000S\000a\000l\000e\000\050\000\051}{subsection.5.13.3}% 178
\BOOKMARK [2][-]{subsection.5.13.4}{\376\377\0005\000.\0001\0003\000.\0004\000\040\000P\000r\000o\000p\000e\000r\000t\000y\000\040\000D\000o\000c\000u\000m\000e\000n\000t\000a\000t\000i\000o\000n}{section.5.13}% 179
\BOOKMARK [3][-]{subsubsection.5.13.4.1}{\376\377\0005\000.\0001\0003\000.\0004\000.\0001\000\040\000S\000a\000l\000e\000s\000S\000t\000o\000r\000e\000d}{subsection.5.13.4}% 180
\BOOKMARK [1][-]{section.5.14}{\376\377\0005\000.\0001\0004\000\040\000t\000r\000a\000b\000a\000l\000h\000o\000P\000O\000O\000\137\0002\0007\0009\0006\0007\000.\000S\000t\000o\000r\000e\000.\000S\000t\000o\000r\000e\000\040\000C\000l\000a\000s\000s\000\040\000R\000e\000f\000e\000r\000e\000n\000c\000e}{chapter.5}% 181
\BOOKMARK [2][-]{subsection.5.14.1}{\376\377\0005\000.\0001\0004\000.\0001\000\040\000D\000e\000t\000a\000i\000l\000e\000d\000\040\000D\000e\000s\000c\000r\000i\000p\000t\000i\000o\000n}{section.5.14}% 182
\BOOKMARK [2][-]{subsection.5.14.2}{\376\377\0005\000.\0001\0004\000.\0002\000\040\000C\000o\000n\000s\000t\000r\000u\000c\000t\000o\000r\000\040\000\046\000\040\000D\000e\000s\000t\000r\000u\000c\000t\000o\000r\000\040\000D\000o\000c\000u\000m\000e\000n\000t\000a\000t\000i\000o\000n}{section.5.14}% 183
\BOOKMARK [3][-]{subsubsection.5.14.2.1}{\376\377\0005\000.\0001\0004\000.\0002\000.\0001\000\040\000S\000t\000o\000r\000e\000\050\000\051\000\040\000[\0001\000/\0002\000]}{subsection.5.14.2}% 184
\BOOKMARK [3][-]{subsubsection.5.14.2.2}{\376\377\0005\000.\0001\0004\000.\0002\000.\0002\000\040\000S\000t\000o\000r\000e\000\050\000\051\000\040\000[\0002\000/\0002\000]}{subsection.5.14.2}% 185
\BOOKMARK [2][-]{subsection.5.14.3}{\376\377\0005\000.\0001\0004\000.\0003\000\040\000P\000r\000o\000p\000e\000r\000t\000y\000\040\000D\000o\000c\000u\000m\000e\000n\000t\000a\000t\000i\000o\000n}{section.5.14}% 186
\BOOKMARK [3][-]{subsubsection.5.14.3.1}{\376\377\0005\000.\0001\0004\000.\0003\000.\0001\000\040\000C\000a\000t\000L\000i\000s\000t}{subsection.5.14.3}% 187
\BOOKMARK [3][-]{subsubsection.5.14.3.2}{\376\377\0005\000.\0001\0004\000.\0003\000.\0002\000\040\000C\000l\000i\000e\000n\000t\000L\000I\000s\000t}{subsection.5.14.3}% 188
\BOOKMARK [3][-]{subsubsection.5.14.3.3}{\376\377\0005\000.\0001\0004\000.\0003\000.\0003\000\040\000M\000a\000k\000e\000L\000i\000s\000t}{subsection.5.14.3}% 189
\BOOKMARK [3][-]{subsubsection.5.14.3.4}{\376\377\0005\000.\0001\0004\000.\0003\000.\0004\000\040\000P\000r\000o\000d\000L\000i\000s\000t}{subsection.5.14.3}% 190
\BOOKMARK [3][-]{subsubsection.5.14.3.5}{\376\377\0005\000.\0001\0004\000.\0003\000.\0005\000\040\000S\000a\000l\000e\000L\000i\000s\000t}{subsection.5.14.3}% 191
\BOOKMARK [3][-]{subsubsection.5.14.3.6}{\376\377\0005\000.\0001\0004\000.\0003\000.\0006\000\040\000W\000a\000r\000r\000a\000n\000t\000L\000i\000s\000t}{subsection.5.14.3}% 192
\BOOKMARK [1][-]{section.5.15}{\376\377\0005\000.\0001\0005\000\040\000t\000r\000a\000b\000a\000l\000h\000o\000P\000O\000O\000\137\0002\0007\0009\0006\0007\000.\000W\000a\000r\000r\000a\000n\000t\000i\000e\000s\000\040\000C\000l\000a\000s\000s\000\040\000R\000e\000f\000e\000r\000e\000n\000c\000e}{chapter.5}% 193
\BOOKMARK [2][-]{subsection.5.15.1}{\376\377\0005\000.\0001\0005\000.\0001\000\040\000D\000e\000t\000a\000i\000l\000e\000d\000\040\000D\000e\000s\000c\000r\000i\000p\000t\000i\000o\000n}{section.5.15}% 194
\BOOKMARK [2][-]{subsection.5.15.2}{\376\377\0005\000.\0001\0005\000.\0002\000\040\000C\000o\000n\000s\000t\000r\000u\000c\000t\000o\000r\000\040\000\046\000\040\000D\000e\000s\000t\000r\000u\000c\000t\000o\000r\000\040\000D\000o\000c\000u\000m\000e\000n\000t\000a\000t\000i\000o\000n}{section.5.15}% 195
\BOOKMARK [3][-]{subsubsection.5.15.2.1}{\376\377\0005\000.\0001\0005\000.\0002\000.\0001\000\040\000W\000a\000r\000r\000a\000n\000t\000i\000e\000s\000\050\000\051\000\040\000[\0001\000/\0002\000]}{subsection.5.15.2}% 196
\BOOKMARK [3][-]{subsubsection.5.15.2.2}{\376\377\0005\000.\0001\0005\000.\0002\000.\0002\000\040\000W\000a\000r\000r\000a\000n\000t\000i\000e\000s\000\050\000\051\000\040\000[\0002\000/\0002\000]}{subsection.5.15.2}% 197
\BOOKMARK [2][-]{subsection.5.15.3}{\376\377\0005\000.\0001\0005\000.\0003\000\040\000M\000e\000m\000b\000e\000r\000\040\000F\000u\000n\000c\000t\000i\000o\000n\000\040\000D\000o\000c\000u\000m\000e\000n\000t\000a\000t\000i\000o\000n}{section.5.15}% 198
\BOOKMARK [3][-]{subsubsection.5.15.3.1}{\376\377\0005\000.\0001\0005\000.\0003\000.\0001\000\040\000A\000d\000d\000W\000a\000r\000r\000a\000n\000t\000y\000\050\000\051}{subsection.5.15.3}% 199
\BOOKMARK [3][-]{subsubsection.5.15.3.2}{\376\377\0005\000.\0001\0005\000.\0003\000.\0002\000\040\000E\000x\000i\000s\000t\000W\000a\000r\000r\000a\000n\000t\000y\000\050\000\051}{subsection.5.15.3}% 200
\BOOKMARK [3][-]{subsubsection.5.15.3.3}{\376\377\0005\000.\0001\0005\000.\0003\000.\0003\000\040\000R\000e\000m\000o\000v\000e\000W\000a\000r\000r\000a\000n\000t\000y\000\050\000\051}{subsection.5.15.3}% 201
\BOOKMARK [2][-]{subsection.5.15.4}{\376\377\0005\000.\0001\0005\000.\0004\000\040\000P\000r\000o\000p\000e\000r\000t\000y\000\040\000D\000o\000c\000u\000m\000e\000n\000t\000a\000t\000i\000o\000n}{section.5.15}% 202
\BOOKMARK [3][-]{subsubsection.5.15.4.1}{\376\377\0005\000.\0001\0005\000.\0004\000.\0001\000\040\000W\000a\000r\000r\000a\000n\000t\000s}{subsection.5.15.4}% 203
\BOOKMARK [1][-]{section.5.16}{\376\377\0005\000.\0001\0006\000\040\000t\000r\000a\000b\000a\000l\000h\000o\000P\000O\000O\000\137\0002\0007\0009\0006\0007\000.\000W\000a\000r\000r\000a\000n\000t\000y\000\040\000C\000l\000a\000s\000s\000\040\000R\000e\000f\000e\000r\000e\000n\000c\000e}{chapter.5}% 204
\BOOKMARK [2][-]{subsection.5.16.1}{\376\377\0005\000.\0001\0006\000.\0001\000\040\000D\000e\000t\000a\000i\000l\000e\000d\000\040\000D\000e\000s\000c\000r\000i\000p\000t\000i\000o\000n}{section.5.16}% 205
\BOOKMARK [2][-]{subsection.5.16.2}{\376\377\0005\000.\0001\0006\000.\0002\000\040\000C\000o\000n\000s\000t\000r\000u\000c\000t\000o\000r\000\040\000\046\000\040\000D\000e\000s\000t\000r\000u\000c\000t\000o\000r\000\040\000D\000o\000c\000u\000m\000e\000n\000t\000a\000t\000i\000o\000n}{section.5.16}% 206
\BOOKMARK [3][-]{subsubsection.5.16.2.1}{\376\377\0005\000.\0001\0006\000.\0002\000.\0001\000\040\000W\000a\000r\000r\000a\000n\000t\000y\000\050\000\051\000\040\000[\0001\000/\0002\000]}{subsection.5.16.2}% 207
\BOOKMARK [3][-]{subsubsection.5.16.2.2}{\376\377\0005\000.\0001\0006\000.\0002\000.\0002\000\040\000W\000a\000r\000r\000a\000n\000t\000y\000\050\000\051\000\040\000[\0002\000/\0002\000]}{subsection.5.16.2}% 208
\BOOKMARK [2][-]{subsection.5.16.3}{\376\377\0005\000.\0001\0006\000.\0003\000\040\000M\000e\000m\000b\000e\000r\000\040\000F\000u\000n\000c\000t\000i\000o\000n\000\040\000D\000o\000c\000u\000m\000e\000n\000t\000a\000t\000i\000o\000n}{section.5.16}% 209
\BOOKMARK [3][-]{subsubsection.5.16.3.1}{\376\377\0005\000.\0001\0006\000.\0003\000.\0001\000\040\000E\000q\000u\000a\000l\000s\000\050\000\051}{subsection.5.16.3}% 210
\BOOKMARK [3][-]{subsubsection.5.16.3.2}{\376\377\0005\000.\0001\0006\000.\0003\000.\0002\000\040\000E\000x\000p\000i\000r\000a\000t\000i\000o\000n\000D\000a\000t\000e\000\050\000\051}{subsection.5.16.3}% 211
\BOOKMARK [3][-]{subsubsection.5.16.3.3}{\376\377\0005\000.\0001\0006\000.\0003\000.\0003\000\040\000o\000p\000e\000r\000a\000t\000o\000r\000!\000=\000\050\000\051}{subsection.5.16.3}% 212
\BOOKMARK [3][-]{subsubsection.5.16.3.4}{\376\377\0005\000.\0001\0006\000.\0003\000.\0004\000\040\000o\000p\000e\000r\000a\000t\000o\000r\000=\000=\000\050\000\051}{subsection.5.16.3}% 213
\BOOKMARK [3][-]{subsubsection.5.16.3.5}{\376\377\0005\000.\0001\0006\000.\0003\000.\0005\000\040\000T\000o\000S\000t\000r\000i\000n\000g\000\050\000\051}{subsection.5.16.3}% 214
\BOOKMARK [2][-]{subsection.5.16.4}{\376\377\0005\000.\0001\0006\000.\0004\000\040\000P\000r\000o\000p\000e\000r\000t\000y\000\040\000D\000o\000c\000u\000m\000e\000n\000t\000a\000t\000i\000o\000n}{section.5.16}% 215
\BOOKMARK [3][-]{subsubsection.5.16.4.1}{\376\377\0005\000.\0001\0006\000.\0004\000.\0001\000\040\000C\000o\000n\000d\000i\000t\000i\000o\000n\000s}{subsection.5.16.4}% 216
\BOOKMARK [3][-]{subsubsection.5.16.4.2}{\376\377\0005\000.\0001\0006\000.\0004\000.\0002\000\040\000D\000u\000r\000a\000t\000i\000o\000n\000I\000n\000Y\000e\000a\000r\000s}{subsection.5.16.4}% 217
\BOOKMARK [3][-]{subsubsection.5.16.4.3}{\376\377\0005\000.\0001\0006\000.\0004\000.\0003\000\040\000P\000r\000o\000d\000I\000D}{subsection.5.16.4}% 218
\BOOKMARK [0][-]{chapter.6}{\376\377\0006\000\040\000F\000i\000l\000e\000\040\000D\000o\000c\000u\000m\000e\000n\000t\000a\000t\000i\000o\000n}{}% 219
\BOOKMARK [1][-]{section.6.1}{\376\377\0006\000.\0001\000\040\000B\000e\000s\000t\000S\000a\000l\000e\000.\000c\000s\000\040\000F\000i\000l\000e\000\040\000R\000e\000f\000e\000r\000e\000n\000c\000e}{chapter.6}% 220
\BOOKMARK [1][-]{section.6.2}{\376\377\0006\000.\0002\000\040\000B\000e\000s\000t\000S\000a\000l\000e\000.\000c\000s}{chapter.6}% 221
\BOOKMARK [1][-]{section.6.3}{\376\377\0006\000.\0003\000\040\000C\000a\000m\000p\000a\000i\000g\000n\000/\000C\000a\000m\000p\000a\000i\000g\000n\000.\000c\000s\000\040\000F\000i\000l\000e\000\040\000R\000e\000f\000e\000r\000e\000n\000c\000e}{chapter.6}% 222
\BOOKMARK [1][-]{section.6.4}{\376\377\0006\000.\0004\000\040\000C\000a\000m\000p\000a\000i\000g\000n\000.\000c\000s}{chapter.6}% 223
\BOOKMARK [1][-]{section.6.5}{\376\377\0006\000.\0005\000\040\000C\000a\000m\000p\000a\000i\000g\000n\000/\000C\000a\000m\000p\000a\000i\000g\000n\000s\000.\000c\000s\000\040\000F\000i\000l\000e\000\040\000R\000e\000f\000e\000r\000e\000n\000c\000e}{chapter.6}% 224
\BOOKMARK [1][-]{section.6.6}{\376\377\0006\000.\0006\000\040\000C\000a\000m\000p\000a\000i\000g\000n\000s\000.\000c\000s}{chapter.6}% 225
\BOOKMARK [1][-]{section.6.7}{\376\377\0006\000.\0007\000\040\000C\000a\000t\000e\000g\000o\000r\000y\000/\000C\000a\000t\000e\000g\000o\000r\000i\000e\000s\000.\000c\000s\000\040\000F\000i\000l\000e\000\040\000R\000e\000f\000e\000r\000e\000n\000c\000e}{chapter.6}% 226
\BOOKMARK [1][-]{section.6.8}{\376\377\0006\000.\0008\000\040\000C\000a\000t\000e\000g\000o\000r\000i\000e\000s\000.\000c\000s}{chapter.6}% 227
\BOOKMARK [1][-]{section.6.9}{\376\377\0006\000.\0009\000\040\000C\000a\000t\000e\000g\000o\000r\000y\000/\000C\000a\000t\000e\000g\000o\000r\000y\000.\000c\000s\000\040\000F\000i\000l\000e\000\040\000R\000e\000f\000e\000r\000e\000n\000c\000e}{chapter.6}% 228
\BOOKMARK [1][-]{section.6.10}{\376\377\0006\000.\0001\0000\000\040\000C\000a\000t\000e\000g\000o\000r\000y\000.\000c\000s}{chapter.6}% 229
\BOOKMARK [1][-]{section.6.11}{\376\377\0006\000.\0001\0001\000\040\000C\000l\000i\000e\000n\000t\000/\000C\000l\000i\000e\000n\000t\000.\000c\000s\000\040\000F\000i\000l\000e\000\040\000R\000e\000f\000e\000r\000e\000n\000c\000e}{chapter.6}% 230
\BOOKMARK [1][-]{section.6.12}{\376\377\0006\000.\0001\0002\000\040\000C\000l\000i\000e\000n\000t\000.\000c\000s}{chapter.6}% 231
\BOOKMARK [1][-]{section.6.13}{\376\377\0006\000.\0001\0003\000\040\000C\000l\000i\000e\000n\000t\000/\000C\000l\000i\000e\000n\000t\000s\000.\000c\000s\000\040\000F\000i\000l\000e\000\040\000R\000e\000f\000e\000r\000e\000n\000c\000e}{chapter.6}% 232
\BOOKMARK [1][-]{section.6.14}{\376\377\0006\000.\0001\0004\000\040\000C\000l\000i\000e\000n\000t\000s\000.\000c\000s}{chapter.6}% 233
\BOOKMARK [1][-]{section.6.15}{\376\377\0006\000.\0001\0005\000\040\000M\000a\000k\000e\000/\000M\000a\000k\000e\000.\000c\000s\000\040\000F\000i\000l\000e\000\040\000R\000e\000f\000e\000r\000e\000n\000c\000e}{chapter.6}% 234
\BOOKMARK [1][-]{section.6.16}{\376\377\0006\000.\0001\0006\000\040\000M\000a\000k\000e\000.\000c\000s}{chapter.6}% 235
\BOOKMARK [1][-]{section.6.17}{\376\377\0006\000.\0001\0007\000\040\000M\000a\000k\000e\000/\000M\000a\000k\000e\000s\000.\000c\000s\000\040\000F\000i\000l\000e\000\040\000R\000e\000f\000e\000r\000e\000n\000c\000e}{chapter.6}% 236
\BOOKMARK [1][-]{section.6.18}{\376\377\0006\000.\0001\0008\000\040\000M\000a\000k\000e\000s\000.\000c\000s}{chapter.6}% 237
\BOOKMARK [1][-]{section.6.19}{\376\377\0006\000.\0001\0009\000\040\000o\000b\000j\000/\000D\000e\000b\000u\000g\000/\000.\000N\000E\000T\000F\000r\000a\000m\000e\000w\000o\000r\000k\000,\000V\000e\000r\000s\000i\000o\000n\000=\000v\0004\000.\0007\000.\0002\000.\000A\000s\000s\000e\000m\000b\000l\000y\000A\000t\000t\000r\000i\000b\000u\000t\000e\000s\000.\000c\000s\000\040\000F\000i\000l\000e\000\040\000R\000e\000f\000e\000r\000e\000n\000c\000e}{chapter.6}% 238
\BOOKMARK [1][-]{section.6.20}{\376\377\0006\000.\0002\0000\000\040\000.\000N\000E\000T\000F\000r\000a\000m\000e\000w\000o\000r\000k\000,\000V\000e\000r\000s\000i\000o\000n\000=\000v\0004\000.\0007\000.\0002\000.\000A\000s\000s\000e\000m\000b\000l\000y\000A\000t\000t\000r\000i\000b\000u\000t\000e\000s\000.\000c\000s}{chapter.6}% 239
\BOOKMARK [1][-]{section.6.21}{\376\377\0006\000.\0002\0001\000\040\000P\000r\000o\000d\000u\000c\000t\000/\000P\000r\000o\000d\000u\000c\000t\000.\000c\000s\000\040\000F\000i\000l\000e\000\040\000R\000e\000f\000e\000r\000e\000n\000c\000e}{chapter.6}% 240
\BOOKMARK [1][-]{section.6.22}{\376\377\0006\000.\0002\0002\000\040\000P\000r\000o\000d\000u\000c\000t\000.\000c\000s}{chapter.6}% 241
\BOOKMARK [1][-]{section.6.23}{\376\377\0006\000.\0002\0003\000\040\000P\000r\000o\000d\000u\000c\000t\000/\000P\000r\000o\000d\000u\000c\000t\000s\000.\000c\000s\000\040\000F\000i\000l\000e\000\040\000R\000e\000f\000e\000r\000e\000n\000c\000e}{chapter.6}% 242
\BOOKMARK [1][-]{section.6.24}{\376\377\0006\000.\0002\0004\000\040\000P\000r\000o\000d\000u\000c\000t\000s\000.\000c\000s}{chapter.6}% 243
\BOOKMARK [1][-]{section.6.25}{\376\377\0006\000.\0002\0005\000\040\000P\000r\000o\000p\000e\000r\000t\000i\000e\000s\000/\000A\000s\000s\000e\000m\000b\000l\000y\000I\000n\000f\000o\000.\000c\000s\000\040\000F\000i\000l\000e\000\040\000R\000e\000f\000e\000r\000e\000n\000c\000e}{chapter.6}% 244
\BOOKMARK [1][-]{section.6.26}{\376\377\0006\000.\0002\0006\000\040\000A\000s\000s\000e\000m\000b\000l\000y\000I\000n\000f\000o\000.\000c\000s}{chapter.6}% 245
\BOOKMARK [1][-]{section.6.27}{\376\377\0006\000.\0002\0007\000\040\000S\000a\000l\000e\000/\000S\000a\000l\000e\000.\000c\000s\000\040\000F\000i\000l\000e\000\040\000R\000e\000f\000e\000r\000e\000n\000c\000e}{chapter.6}% 246
\BOOKMARK [1][-]{section.6.28}{\376\377\0006\000.\0002\0008\000\040\000S\000a\000l\000e\000.\000c\000s}{chapter.6}% 247
\BOOKMARK [1][-]{section.6.29}{\376\377\0006\000.\0002\0009\000\040\000S\000a\000l\000e\000/\000S\000a\000l\000e\000s\000.\000c\000s\000\040\000F\000i\000l\000e\000\040\000R\000e\000f\000e\000r\000e\000n\000c\000e}{chapter.6}% 248
\BOOKMARK [1][-]{section.6.30}{\376\377\0006\000.\0003\0000\000\040\000S\000a\000l\000e\000s\000.\000c\000s}{chapter.6}% 249
\BOOKMARK [1][-]{section.6.31}{\376\377\0006\000.\0003\0001\000\040\000S\000t\000o\000r\000e\000/\000S\000t\000o\000r\000e\000.\000c\000s\000\040\000F\000i\000l\000e\000\040\000R\000e\000f\000e\000r\000e\000n\000c\000e}{chapter.6}% 250
\BOOKMARK [1][-]{section.6.32}{\376\377\0006\000.\0003\0002\000\040\000S\000t\000o\000r\000e\000.\000c\000s}{chapter.6}% 251
\BOOKMARK [1][-]{section.6.33}{\376\377\0006\000.\0003\0003\000\040\000W\000a\000r\000r\000a\000n\000t\000y\000/\000W\000a\000r\000r\000a\000n\000t\000i\000e\000s\000.\000c\000s\000\040\000F\000i\000l\000e\000\040\000R\000e\000f\000e\000r\000e\000n\000c\000e}{chapter.6}% 252
\BOOKMARK [1][-]{section.6.34}{\376\377\0006\000.\0003\0004\000\040\000W\000a\000r\000r\000a\000n\000t\000i\000e\000s\000.\000c\000s}{chapter.6}% 253
\BOOKMARK [1][-]{section.6.35}{\376\377\0006\000.\0003\0005\000\040\000W\000a\000r\000r\000a\000n\000t\000y\000/\000W\000a\000r\000r\000a\000n\000t\000y\000.\000c\000s\000\040\000F\000i\000l\000e\000\040\000R\000e\000f\000e\000r\000e\000n\000c\000e}{chapter.6}% 254
\BOOKMARK [1][-]{section.6.36}{\376\377\0006\000.\0003\0006\000\040\000W\000a\000r\000r\000a\000n\000t\000y\000.\000c\000s}{chapter.6}% 255
\BOOKMARK [0][-]{section*.73}{\376\377\000I\000n\000d\000e\000x}{}% 256
